#
# There is insufficient memory for the Java Runtime Environment to continue.
# Native memory allocation (malloc) failed to allocate 1533328 bytes for Chunk::new
# Possible reasons:
#   The system is out of physical RAM or swap space
#   The process is running with CompressedOops enabled, and the Java Heap may be blocking the growth of the native heap
# Possible solutions:
#   Reduce memory load on the system
#   Increase physical memory or swap space
#   Check if swap backing store is full
#   Decrease Java heap size (-Xmx/-Xms)
#   Decrease number of Java threads
#   Decrease Java thread stack sizes (-Xss)
#   Set larger code cache with -XX:ReservedCodeCacheSize=
#   JVM is running with Unscaled Compressed Oops mode in which the Java heap is
#     placed in the first 4GB address space. The Java Heap base address is the
#     maximum limit for the native heap growth. Please use -XX:HeapBaseMinAddress
#     to set the Java Heap base and to place the Java Heap above 4GB virtual address.
# This output file may be truncated or incomplete.
#
#  Out of Memory Error (arena.cpp:184), pid=15800, tid=31288
#
# JRE version: Java(TM) SE Runtime Environment (20.0+36) (build 20+36-2344)
# Java VM: Java HotSpot(TM) 64-Bit Server VM (20+36-2344, mixed mode, sharing, tiered, compressed oops, compressed class ptrs, g1 gc, windows-amd64)
# No core dump will be written. Minidumps are not enabled by default on client versions of Windows
#

---------------  S U M M A R Y ------------

Command Line: -javaagent:E:\IntelliJ IDEA Community Edition 2020.3.2\lib\idea_rt.jar=54584:E:\IntelliJ IDEA Community Edition 2020.3.2\bin -Dfile.encoding=UTF-8 Main

Host: Intel(R) Core(TM) i7-8550U CPU @ 1.80GHz, 8 cores, 7G,  Windows 10 , 64 bit Build 19041 (10.0.19041.3155)
Time: Sat Jul 29 14:53:19 2023 GMT dows 10 , 64 bit Build 19041 (10.0.19041.3155) elapsed time: 13.022356 seconds (0d 0h 0m 13s)

---------------  T H R E A D  ---------------

Current thread (0x0000028f0bb3c330):  JavaThread "C2 CompilerThread1" daemon [_thread_in_native, id=31288, stack(0x000000c720d00000,0x000000c720e00000)]


Current CompileTask:
C2:  13023 6095       4       org.json4s.native.JsonMethods::render (817 bytes)

Stack: [0x000000c720d00000,0x000000c720e00000]
Native frames: (J=compiled Java code, j=interpreted, Vv=VM code, C=native code)
V  [jvm.dll+0x6bb95a]
V  [jvm.dll+0x8483aa]
V  [jvm.dll+0x849fa5]
V  [jvm.dll+0x84a6a3]
V  [jvm.dll+0x280b0f]
V  [jvm.dll+0xc2b11]
V  [jvm.dll+0xc2e35]
V  [jvm.dll+0x3bb17c]
V  [jvm.dll+0x3857f5]
V  [jvm.dll+0x384c6a]
V  [jvm.dll+0x24b259]
V  [jvm.dll+0x24a651]
V  [jvm.dll+0x1ce491]
V  [jvm.dll+0x259e1b]
V  [jvm.dll+0x2584f0]
V  [jvm.dll+0x3f2895]
V  [jvm.dll+0x7f4906]
V  [jvm.dll+0x6ba5cb]
C  [ucrtbase.dll+0x21bb2]
C  [KERNEL32.DLL+0x17614]
C  [ntdll.dll+0x526b1]


---------------  P R O C E S S  ---------------

Threads class SMR info:
_java_thread_list=0x0000028f09ea6690, length=47, elements={
0x0000028f7f6e7cd0, 0x0000028f7f6e8ad0, 0x0000028f7f6e98d0, 0x0000028f7f6eb6a0,
0x0000028f7f6ef000, 0x0000028f7f6ef940, 0x0000028f7f6f05b0, 0x0000028f7f701a50,
0x0000028f080cead0, 0x0000028f082d1230, 0x0000028f0832ed40, 0x0000028f09e99970,
0x0000028f0952b840, 0x0000028f099d6390, 0x0000028f099d88c0, 0x0000028f099d6e30,
0x0000028f099d78d0, 0x0000028f099d7e20, 0x0000028f099d8370, 0x0000028f09fdf8a0,
0x0000028f09fe2870, 0x0000028f09fe3db0, 0x0000028f09fdde10, 0x0000028f099d5e40,
0x0000028f0a5f5e90, 0x0000028f0a5f3410, 0x0000028f0a5f1ed0, 0x0000028f0a5f4950,
0x0000028f0a5f53f0, 0x0000028f0a5f73d0, 0x0000028f0a5f1430, 0x0000028f0a5f3eb0,
0x0000028f0a5f5940, 0x0000028f0a5f2420, 0x0000028f09fe1dd0, 0x0000028f09fdc8d0,
0x0000028f09fdee00, 0x0000028f09fe3310, 0x0000028f09fe3860, 0x0000028f09fdfdf0,
0x0000028f09fdce20, 0x0000028f09fdd370, 0x0000028f09fe2320, 0x0000028f0a5f83c0,
0x0000028f0bb3c330, 0x0000028f0bb364a0, 0x0000028f09fe0340
}
_to_delete_list=0x0000028f0c4ee200, length=46, elements={
0x0000028f7f6e7cd0, 0x0000028f7f6e8ad0, 0x0000028f7f6e98d0, 0x0000028f7f6eb6a0,
0x0000028f7f6ef000, 0x0000028f7f6ef940, 0x0000028f7f6f05b0, 0x0000028f7f701a50,
0x0000028f080cead0, 0x0000028f082d1230, 0x0000028f0832ed40, 0x0000028f09e99970,
0x0000028f0952b840, 0x0000028f099d6390, 0x0000028f099d88c0, 0x0000028f099d6e30,
0x0000028f099d78d0, 0x0000028f099d7e20, 0x0000028f099d8370, 0x0000028f09fdf8a0,
0x0000028f09fe2870, 0x0000028f09fe3db0, 0x0000028f09fdde10, 0x0000028f099d5e40,
0x0000028f0a5f5e90, 0x0000028f0a5f3410, 0x0000028f0a5f1ed0, 0x0000028f0a5f4950,
0x0000028f0a5f53f0, 0x0000028f0a5f73d0, 0x0000028f0a5f1430, 0x0000028f0a5f3eb0,
0x0000028f0a5f5940, 0x0000028f0a5f2420, 0x0000028f09fe1dd0, 0x0000028f09fdc8d0,
0x0000028f09fdee00, 0x0000028f09fe3310, 0x0000028f09fe3860, 0x0000028f09fdfdf0,
0x0000028f09fdce20, 0x0000028f09fdd370, 0x0000028f09fe2320, 0x0000028f0a5f83c0,
0x0000028f0bb3c330, 0x0000028f0bb364a0
}

Java Threads: ( => current thread )
  0x0000028f7f6e7cd0 JavaThread "Reference Handler" daemon [_thread_blocked, id=27720, stack(0x000000c71e400000,0x000000c71e500000)]
  0x0000028f7f6e8ad0 JavaThread "Finalizer" daemon [_thread_blocked, id=23936, stack(0x000000c71e500000,0x000000c71e600000)]
  0x0000028f7f6e98d0 JavaThread "Signal Dispatcher" daemon [_thread_blocked, id=5852, stack(0x000000c71e600000,0x000000c71e700000)]
  0x0000028f7f6eb6a0 JavaThread "Attach Listener" daemon [_thread_blocked, id=18532, stack(0x000000c71e700000,0x000000c71e800000)]
  0x0000028f7f6ef000 JavaThread "Service Thread" daemon [_thread_blocked, id=23144, stack(0x000000c71e800000,0x000000c71e900000)]
  0x0000028f7f6ef940 JavaThread "Monitor Deflation Thread" daemon [_thread_blocked, id=12500, stack(0x000000c71e900000,0x000000c71ea00000)]
  0x0000028f7f6f05b0 JavaThread "C2 CompilerThread0" daemon [_thread_in_native, id=18844, stack(0x000000c71ea00000,0x000000c71eb00000)]
  0x0000028f7f701a50 JavaThread "C1 CompilerThread0" daemon [_thread_blocked, id=23684, stack(0x000000c71eb00000,0x000000c71ec00000)]
  0x0000028f080cead0 JavaThread "Common-Cleaner" daemon [_thread_blocked, id=16516, stack(0x000000c71ec00000,0x000000c71ed00000)]
  0x0000028f082d1230 JavaThread "Monitor Ctrl-Break" daemon [_thread_in_native, id=21840, stack(0x000000c71ed00000,0x000000c71ee00000)]
  0x0000028f0832ed40 JavaThread "Notification Thread" daemon [_thread_blocked, id=10112, stack(0x000000c71ee00000,0x000000c71ef00000)]
  0x0000028f09e99970 JavaThread "scala-execution-context-global-29" daemon [_thread_blocked, id=11196, stack(0x000000c71f900000,0x000000c71fa00000)]
  0x0000028f0952b840 JavaThread "scala-execution-context-global-30" daemon [_thread_blocked, id=19808, stack(0x000000c71fa00000,0x000000c71fb00000)]
  0x0000028f099d6390 JavaThread "scala-execution-context-global-31" daemon [_thread_blocked, id=30328, stack(0x000000c71fb00000,0x000000c71fc00000)]
  0x0000028f099d88c0 JavaThread "Simudyne-scheduler-1" [_thread_blocked, id=13536, stack(0x000000c71fc00000,0x000000c71fd00000)]
  0x0000028f099d6e30 JavaThread "Simudyne-akka.actor.internal-dispatcher-2" [_thread_blocked, id=20548, stack(0x000000c71fd00000,0x000000c71fe00000)]
  0x0000028f099d78d0 JavaThread "Simudyne-akka.actor.internal-dispatcher-3" [_thread_blocked, id=22924, stack(0x000000c71fe00000,0x000000c71ff00000)]
  0x0000028f099d7e20 JavaThread "Simudyne-akka.actor.internal-dispatcher-4" [_thread_blocked, id=23124, stack(0x000000c71ff00000,0x000000c720000000)]
  0x0000028f099d8370 JavaThread "Simudyne-akka.actor.default-dispatcher-5" [_thread_blocked, id=24872, stack(0x000000c720000000,0x000000c720100000)]
  0x0000028f09fdf8a0 JavaThread "scala-execution-context-global-53" daemon [_thread_blocked, id=10120, stack(0x000000c721000000,0x000000c721100000)]
  0x0000028f09fe2870 JavaThread "scala-execution-context-global-52" daemon [_thread_blocked, id=5808, stack(0x000000c721100000,0x000000c721200000)]
  0x0000028f09fe3db0 JavaThread "scala-execution-context-global-54" daemon [_thread_blocked, id=24868, stack(0x000000c721200000,0x000000c721300000)]
  0x0000028f09fdde10 JavaThread "Simudyne-akka.actor.default-dispatcher-6" [_thread_blocked, id=19940, stack(0x000000c721400000,0x000000c721500000)]
  0x0000028f099d5e40 JavaThread "ForkJoinPool-15-worker-1" daemon [_thread_blocked, id=23044, stack(0x000000c721800000,0x000000c721900000)]
  0x0000028f0a5f5e90 JavaThread "ForkJoinPool-21-worker-1" daemon [_thread_blocked, id=22288, stack(0x000000c721900000,0x000000c721a00000)]
  0x0000028f0a5f3410 JavaThread "ForkJoinPool-18-worker-1" daemon [_thread_blocked, id=23300, stack(0x000000c721a00000,0x000000c721b00000)]
  0x0000028f0a5f1ed0 JavaThread "ForkJoinPool.commonPool-worker-1" daemon [_thread_blocked, id=17976, stack(0x000000c721b00000,0x000000c721c00000)]
  0x0000028f0a5f4950 JavaThread "ForkJoinPool.commonPool-worker-2" daemon [_thread_blocked, id=15640, stack(0x000000c721c00000,0x000000c721d00000)]
  0x0000028f0a5f53f0 JavaThread "ForkJoinPool-21-worker-2" daemon [_thread_blocked, id=7132, stack(0x000000c720100000,0x000000c720200000)]
  0x0000028f0a5f73d0 JavaThread "ForkJoinPool-21-worker-3" daemon [_thread_blocked, id=30568, stack(0x000000c720200000,0x000000c720300000)]
  0x0000028f0a5f1430 JavaThread "Simudyne-akka.io.pinned-dispatcher-7" [_thread_in_native, id=9732, stack(0x000000c720300000,0x000000c720400000)]
  0x0000028f0a5f3eb0 JavaThread "DestroyJavaVM" [_thread_blocked, id=12448, stack(0x000000c71dd00000,0x000000c71de00000)]
  0x0000028f0a5f5940 JavaThread "Simudyne-akka.actor.default-dispatcher-8" [_thread_blocked, id=16456, stack(0x000000c720500000,0x000000c720600000)]
  0x0000028f0a5f2420 JavaThread "Simudyne-akka.actor.default-dispatcher-9" [_thread_blocked, id=25852, stack(0x000000c71f000000,0x000000c71f100000)]
  0x0000028f09fe1dd0 JavaThread "Channels-2b14297c-49fe-483c-9599-095a9594d181-scheduler-1" [_thread_blocked, id=21348, stack(0x000000c721300000,0x000000c721400000)]
  0x0000028f09fdc8d0 JavaThread "Channels-2b14297c-49fe-483c-9599-095a9594d181-akka.actor.internal-dispatcher-2" [_thread_blocked, id=12028, stack(0x000000c720600000,0x000000c720700000)]
  0x0000028f09fdee00 JavaThread "Channels-2b14297c-49fe-483c-9599-095a9594d181-akka.actor.internal-dispatcher-3" [_thread_blocked, id=18076, stack(0x000000c720700000,0x000000c720800000)]
  0x0000028f09fe3310 JavaThread "Channels-2b14297c-49fe-483c-9599-095a9594d181-akka.actor.internal-dispatcher-4" [_thread_blocked, id=13364, stack(0x000000c720800000,0x000000c720900000)]
  0x0000028f09fe3860 JavaThread "Channels-2b14297c-49fe-483c-9599-095a9594d181-akka.actor.internal-dispatcher-5" [_thread_blocked, id=8204, stack(0x000000c720900000,0x000000c720a00000)]
  0x0000028f09fdfdf0 JavaThread "Channels-2b14297c-49fe-483c-9599-095a9594d181-akka.actor.default-dispatcher-6" [_thread_blocked, id=26068, stack(0x000000c720a00000,0x000000c720b00000)]
  0x0000028f09fdce20 JavaThread "Channels-2b14297c-49fe-483c-9599-095a9594d181-akka.actor.default-dispatcher-7" [_thread_blocked, id=18064, stack(0x000000c720b00000,0x000000c720c00000)]
  0x0000028f09fdd370 JavaThread "Simudyne-akka.actor.default-dispatcher-10" [_thread_blocked, id=18620, stack(0x000000c720400000,0x000000c720500000)]
  0x0000028f09fe2320 JavaThread "Simudyne-akka.actor.default-dispatcher-11" [_thread_blocked, id=11504, stack(0x000000c720c00000,0x000000c720d00000)]
  0x0000028f0a5f83c0 JavaThread "ForkJoinPool-42-worker-1" daemon [_thread_blocked, id=20612, stack(0x000000c71f100000,0x000000c71f200000)]
=>0x0000028f0bb3c330 JavaThread "C2 CompilerThread1" daemon [_thread_in_native, id=31288, stack(0x000000c720d00000,0x000000c720e00000)]
  0x0000028f0bb364a0 JavaThread "C2 CompilerThread2" daemon [_thread_in_native, id=25744, stack(0x000000c720e00000,0x000000c720f00000)]
  0x0000028f09fe0340 JavaThread "ForkJoinPool-42-worker-2" daemon [_thread_blocked, id=19876, stack(0x000000c720f00000,0x000000c721000000)]

Other Threads:
  0x0000028f7f6cb480 VMThread "VM Thread" [stack: 0x000000c71e300000,0x000000c71e400000] [id=19616]
  0x0000028f082d1780 WatcherThread "VM Periodic Task Thread" [stack: 0x000000c71ef00000,0x000000c71f000000] [id=13672]
  0x0000028f66d524e0 WorkerThread "GC Thread#0" [stack: 0x000000c71de00000,0x000000c71df00000] [id=30988]
  0x0000028f08bbab60 WorkerThread "GC Thread#1" [stack: 0x000000c71f200000,0x000000c71f300000] [id=30888]
  0x0000028f08bbbc40 WorkerThread "GC Thread#2" [stack: 0x000000c71f300000,0x000000c71f400000] [id=27232]
  0x0000028f08bbb6a0 WorkerThread "GC Thread#3" [stack: 0x000000c71f400000,0x000000c71f500000] [id=8144]
  0x0000028f08bba2f0 WorkerThread "GC Thread#4" [stack: 0x000000c71f500000,0x000000c71f600000] [id=17952]
  0x0000028f08bbae30 WorkerThread "GC Thread#5" [stack: 0x000000c71f600000,0x000000c71f700000] [id=10816]
  0x0000028f08bbb100 WorkerThread "GC Thread#6" [stack: 0x000000c71f700000,0x000000c71f800000] [id=16128]
  0x0000028f08bbb3d0 WorkerThread "GC Thread#7" [stack: 0x000000c71f800000,0x000000c71f900000] [id=6212]
  0x0000028f66d63110 ConcurrentGCThread "G1 Main Marker" [stack: 0x000000c71df00000,0x000000c71e000000] [id=22476]
  0x0000028f66d652f0 WorkerThread "G1 Conc#0" [stack: 0x000000c71e000000,0x000000c71e100000] [id=17420]
  0x0000028f0971ab10 WorkerThread "G1 Conc#1" [stack: 0x000000c721700000,0x000000c721800000] [id=21508]
  0x0000028f66daea90 ConcurrentGCThread "G1 Refine#0" [stack: 0x000000c71e100000,0x000000c71e200000] [id=31436]
  0x0000028f7f58a760 ConcurrentGCThread "G1 Service" [stack: 0x000000c71e200000,0x000000c71e300000] [id=28104]

Threads with active compile tasks:
C2 CompilerThread0    13158 6485       4       java.util.stream.ReferencePipeline$$Lambda$1705/0x00000008014764f0::accept (13 bytes)
C2 CompilerThread1    13159 6095       4       org.json4s.native.JsonMethods::render (817 bytes)
C2 CompilerThread2    13159 6542       4       simudyne.core.schema.ModelSchema::getFieldsValues (53 bytes)

VM state: not at safepoint (normal execution)

VM Mutex/Monitor currently owned by a thread: None

Heap address: 0x0000000082400000, size: 2012 MB, Compressed Oops mode: 32-bit

CDS archive(s) mapped at: [0x0000000800000000-0x0000000800c60000-0x0000000800c60000), size 12976128, SharedBaseAddress: 0x0000000800000000, ArchiveRelocationMode: 0.
Compressed class space mapped at: 0x0000000801000000-0x0000000841000000, reserved size: 1073741824
Narrow klass base: 0x0000000800000000, Narrow klass shift: 0, Narrow klass range: 0x100000000

GC Precious Log:
 CardTable entry size: 512
 Card Set container configuration: InlinePtr #cards 5 size 8 Array Of Cards #cards 12 size 40 Howl #buckets 4 coarsen threshold 1843 Howl Bitmap #cards 512 size 80 coarsen threshold 460 Card regions per heap region 1 cards per card region 2048
 CPUs: 8 total, 8 available
 Memory: 8046M
 Large Page Support: Disabled
 NUMA Support: Disabled
 Compressed Oops: Enabled (32-bit)
 Heap Region Size: 1M
 Heap Min Capacity: 8M
 Heap Initial Capacity: 126M
 Heap Max Capacity: 2012M
 Pre-touch: Disabled
 Parallel Workers: 8
 Concurrent Workers: 2
 Concurrent Refinement Workers: 8
 Periodic GC: Disabled

Heap:
 garbage-first heap   total 119808K, used 81863K [0x0000000082400000, 0x0000000100000000)
  region size 1024K, 53 young (54272K), 5 survivors (5120K)
 Metaspace       used 56190K, committed 56640K, reserved 1114112K
  class space    used 7423K, committed 7616K, reserved 1048576K

Heap Regions: E=young(eden), S=young(survivor), O=old, HS=humongous(starts), HC=humongous(continues), CS=collection set, F=free, OA=open archive, CA=closed archive, TAMS=top-at-mark-start, PB=parsable bottom
|   0|0x0000000082400000, 0x0000000082500000, 0x0000000082500000|100%| O|  |TAMS 0x0000000082400000| PB 0x0000000082400000| Untracked 
|   1|0x0000000082500000, 0x0000000082600000, 0x0000000082600000|100%|HS|  |TAMS 0x0000000082500000| PB 0x0000000082500000| Complete 
|   2|0x0000000082600000, 0x0000000082700000, 0x0000000082700000|100%|HC|  |TAMS 0x0000000082600000| PB 0x0000000082600000| Complete 
|   3|0x0000000082700000, 0x0000000082800000, 0x0000000082800000|100%| O|  |TAMS 0x0000000082700000| PB 0x0000000082700000| Untracked 
|   4|0x0000000082800000, 0x0000000082900000, 0x0000000082900000|100%| O|  |TAMS 0x0000000082800000| PB 0x0000000082800000| Untracked 
|   5|0x0000000082900000, 0x0000000082a00000, 0x0000000082a00000|100%| O|  |TAMS 0x0000000082900000| PB 0x0000000082900000| Untracked 
|   6|0x0000000082a00000, 0x0000000082b00000, 0x0000000082b00000|100%| O|  |TAMS 0x0000000082a00000| PB 0x0000000082a00000| Untracked 
|   7|0x0000000082b00000, 0x0000000082c00000, 0x0000000082c00000|100%| O|  |TAMS 0x0000000082b00000| PB 0x0000000082b00000| Untracked 
|   8|0x0000000082c00000, 0x0000000082d00000, 0x0000000082d00000|100%| O|  |TAMS 0x0000000082c00000| PB 0x0000000082c00000| Untracked 
|   9|0x0000000082d00000, 0x0000000082e00000, 0x0000000082e00000|100%| O|  |TAMS 0x0000000082d00000| PB 0x0000000082d00000| Untracked 
|  10|0x0000000082e00000, 0x0000000082f00000, 0x0000000082f00000|100%| O|  |TAMS 0x0000000082e00000| PB 0x0000000082e00000| Untracked 
|  11|0x0000000082f00000, 0x0000000083000000, 0x0000000083000000|100%| O|  |TAMS 0x0000000082f00000| PB 0x0000000082f00000| Untracked 
|  12|0x0000000083000000, 0x0000000083100000, 0x0000000083100000|100%| O|  |TAMS 0x0000000083000000| PB 0x0000000083000000| Untracked 
|  13|0x0000000083100000, 0x0000000083200000, 0x0000000083200000|100%| O|  |TAMS 0x0000000083100000| PB 0x0000000083100000| Untracked 
|  14|0x0000000083200000, 0x0000000083300000, 0x0000000083300000|100%| O|  |TAMS 0x0000000083200000| PB 0x0000000083200000| Untracked 
|  15|0x0000000083300000, 0x0000000083400000, 0x0000000083400000|100%| O|  |TAMS 0x0000000083300000| PB 0x0000000083300000| Untracked 
|  16|0x0000000083400000, 0x0000000083500000, 0x0000000083500000|100%| O|  |TAMS 0x0000000083400000| PB 0x0000000083400000| Untracked 
|  17|0x0000000083500000, 0x0000000083600000, 0x0000000083600000|100%| O|  |TAMS 0x0000000083500000| PB 0x0000000083500000| Untracked 
|  18|0x0000000083600000, 0x0000000083700000, 0x0000000083700000|100%| O|  |TAMS 0x0000000083600000| PB 0x0000000083600000| Untracked 
|  19|0x0000000083700000, 0x0000000083800000, 0x0000000083800000|100%| O|  |TAMS 0x0000000083700000| PB 0x0000000083700000| Untracked 
|  20|0x0000000083800000, 0x00000000838aae00, 0x0000000083900000| 66%| O|  |TAMS 0x0000000083800000| PB 0x0000000083800000| Untracked 
|  21|0x0000000083900000, 0x0000000083a00000, 0x0000000083a00000|100%| O|  |TAMS 0x0000000083900000| PB 0x0000000083900000| Untracked 
|  22|0x0000000083a00000, 0x0000000083a00000, 0x0000000083b00000|  0%| F|  |TAMS 0x0000000083a00000| PB 0x0000000083a00000| Untracked 
|  23|0x0000000083b00000, 0x0000000083b00000, 0x0000000083c00000|  0%| F|  |TAMS 0x0000000083b00000| PB 0x0000000083b00000| Untracked 
|  24|0x0000000083c00000, 0x0000000083d00000, 0x0000000083d00000|100%| O|  |TAMS 0x0000000083c00000| PB 0x0000000083c00000| Untracked 
|  25|0x0000000083d00000, 0x0000000083e00000, 0x0000000083e00000|100%| O|  |TAMS 0x0000000083d00000| PB 0x0000000083d00000| Untracked 
|  26|0x0000000083e00000, 0x0000000083f00000, 0x0000000083f00000|100%| O|  |TAMS 0x0000000083e00000| PB 0x0000000083e00000| Untracked 
|  27|0x0000000083f00000, 0x0000000084000000, 0x0000000084000000|100%| O|  |TAMS 0x0000000083f00000| PB 0x0000000083f00000| Untracked 
|  28|0x0000000084000000, 0x0000000084000000, 0x0000000084100000|  0%| F|  |TAMS 0x0000000084000000| PB 0x0000000084000000| Untracked 
|  29|0x0000000084100000, 0x0000000084100000, 0x0000000084200000|  0%| F|  |TAMS 0x0000000084100000| PB 0x0000000084100000| Untracked 
|  30|0x0000000084200000, 0x0000000084200000, 0x0000000084300000|  0%| F|  |TAMS 0x0000000084200000| PB 0x0000000084200000| Untracked 
|  31|0x0000000084300000, 0x0000000084300000, 0x0000000084400000|  0%| F|  |TAMS 0x0000000084300000| PB 0x0000000084300000| Untracked 
|  32|0x0000000084400000, 0x0000000084400000, 0x0000000084500000|  0%| F|  |TAMS 0x0000000084400000| PB 0x0000000084400000| Untracked 
|  33|0x0000000084500000, 0x0000000084600000, 0x0000000084600000|100%| O|  |TAMS 0x0000000084500000| PB 0x0000000084500000| Untracked 
|  34|0x0000000084600000, 0x0000000084700000, 0x0000000084700000|100%| O|  |TAMS 0x0000000084600000| PB 0x0000000084600000| Untracked 
|  35|0x0000000084700000, 0x0000000084700000, 0x0000000084800000|  0%| F|  |TAMS 0x0000000084700000| PB 0x0000000084700000| Untracked 
|  36|0x0000000084800000, 0x0000000084800000, 0x0000000084900000|  0%| F|  |TAMS 0x0000000084800000| PB 0x0000000084800000| Untracked 
|  37|0x0000000084900000, 0x0000000084a00000, 0x0000000084a00000|100%| O|  |TAMS 0x0000000084900000| PB 0x0000000084900000| Untracked 
|  38|0x0000000084a00000, 0x0000000084a00000, 0x0000000084b00000|  0%| F|  |TAMS 0x0000000084a00000| PB 0x0000000084a00000| Untracked 
|  39|0x0000000084b00000, 0x0000000084b00000, 0x0000000084c00000|  0%| F|  |TAMS 0x0000000084b00000| PB 0x0000000084b00000| Untracked 
|  40|0x0000000084c00000, 0x0000000084c00000, 0x0000000084d00000|  0%| F|  |TAMS 0x0000000084c00000| PB 0x0000000084c00000| Untracked 
|  41|0x0000000084d00000, 0x0000000084d00000, 0x0000000084e00000|  0%| F|  |TAMS 0x0000000084d00000| PB 0x0000000084d00000| Untracked 
|  42|0x0000000084e00000, 0x0000000084e47090, 0x0000000084f00000| 27%| S|CS|TAMS 0x0000000084e00000| PB 0x0000000084e00000| Complete 
|  43|0x0000000084f00000, 0x0000000085000000, 0x0000000085000000|100%| S|CS|TAMS 0x0000000084f00000| PB 0x0000000084f00000| Complete 
|  44|0x0000000085000000, 0x0000000085100000, 0x0000000085100000|100%| S|CS|TAMS 0x0000000085000000| PB 0x0000000085000000| Complete 
|  45|0x0000000085100000, 0x0000000085200000, 0x0000000085200000|100%| S|CS|TAMS 0x0000000085100000| PB 0x0000000085100000| Complete 
|  46|0x0000000085200000, 0x0000000085300000, 0x0000000085300000|100%| S|CS|TAMS 0x0000000085200000| PB 0x0000000085200000| Complete 
|  47|0x0000000085300000, 0x0000000085300000, 0x0000000085400000|  0%| F|  |TAMS 0x0000000085300000| PB 0x0000000085300000| Untracked 
|  48|0x0000000085400000, 0x0000000085400000, 0x0000000085500000|  0%| F|  |TAMS 0x0000000085400000| PB 0x0000000085400000| Untracked 
|  49|0x0000000085500000, 0x0000000085500000, 0x0000000085600000|  0%| F|  |TAMS 0x0000000085500000| PB 0x0000000085500000| Untracked 
|  50|0x0000000085600000, 0x0000000085600000, 0x0000000085700000|  0%| F|  |TAMS 0x0000000085600000| PB 0x0000000085600000| Untracked 
|  51|0x0000000085700000, 0x0000000085700000, 0x0000000085800000|  0%| F|  |TAMS 0x0000000085700000| PB 0x0000000085700000| Untracked 
|  52|0x0000000085800000, 0x0000000085800000, 0x0000000085900000|  0%| F|  |TAMS 0x0000000085800000| PB 0x0000000085800000| Untracked 
|  53|0x0000000085900000, 0x0000000085900000, 0x0000000085a00000|  0%| F|  |TAMS 0x0000000085900000| PB 0x0000000085900000| Untracked 
|  54|0x0000000085a00000, 0x0000000085a00000, 0x0000000085b00000|  0%| F|  |TAMS 0x0000000085a00000| PB 0x0000000085a00000| Untracked 
|  55|0x0000000085b00000, 0x0000000085b00000, 0x0000000085c00000|  0%| F|  |TAMS 0x0000000085b00000| PB 0x0000000085b00000| Untracked 
|  56|0x0000000085c00000, 0x0000000085c00000, 0x0000000085d00000|  0%| F|  |TAMS 0x0000000085c00000| PB 0x0000000085c00000| Untracked 
|  57|0x0000000085d00000, 0x0000000085d00000, 0x0000000085e00000|  0%| F|  |TAMS 0x0000000085d00000| PB 0x0000000085d00000| Untracked 
|  58|0x0000000085e00000, 0x0000000085e00000, 0x0000000085f00000|  0%| F|  |TAMS 0x0000000085e00000| PB 0x0000000085e00000| Untracked 
|  59|0x0000000085f00000, 0x0000000085f00000, 0x0000000086000000|  0%| F|  |TAMS 0x0000000085f00000| PB 0x0000000085f00000| Untracked 
|  60|0x0000000086000000, 0x0000000086000000, 0x0000000086100000|  0%| F|  |TAMS 0x0000000086000000| PB 0x0000000086000000| Untracked 
|  61|0x0000000086100000, 0x0000000086100000, 0x0000000086200000|  0%| F|  |TAMS 0x0000000086100000| PB 0x0000000086100000| Untracked 
|  62|0x0000000086200000, 0x0000000086200000, 0x0000000086300000|  0%| F|  |TAMS 0x0000000086200000| PB 0x0000000086200000| Untracked 
|  63|0x0000000086300000, 0x0000000086300000, 0x0000000086400000|  0%| F|  |TAMS 0x0000000086300000| PB 0x0000000086300000| Untracked 
|  64|0x0000000086400000, 0x0000000086400000, 0x0000000086500000|  0%| F|  |TAMS 0x0000000086400000| PB 0x0000000086400000| Untracked 
|  65|0x0000000086500000, 0x0000000086500000, 0x0000000086600000|  0%| F|  |TAMS 0x0000000086500000| PB 0x0000000086500000| Untracked 
|  66|0x0000000086600000, 0x0000000086600000, 0x0000000086700000|  0%| F|  |TAMS 0x0000000086600000| PB 0x0000000086600000| Untracked 
|  67|0x0000000086700000, 0x0000000086700000, 0x0000000086800000|  0%| F|  |TAMS 0x0000000086700000| PB 0x0000000086700000| Untracked 
|  68|0x0000000086800000, 0x0000000086800000, 0x0000000086900000|  0%| F|  |TAMS 0x0000000086800000| PB 0x0000000086800000| Untracked 
|  69|0x0000000086900000, 0x00000000869bcf20, 0x0000000086a00000| 73%| E|  |TAMS 0x0000000086900000| PB 0x0000000086900000| Complete 
|  70|0x0000000086a00000, 0x0000000086b00000, 0x0000000086b00000|100%| E|CS|TAMS 0x0000000086a00000| PB 0x0000000086a00000| Complete 
|  71|0x0000000086b00000, 0x0000000086c00000, 0x0000000086c00000|100%| E|CS|TAMS 0x0000000086b00000| PB 0x0000000086b00000| Complete 
|  72|0x0000000086c00000, 0x0000000086d00000, 0x0000000086d00000|100%| E|CS|TAMS 0x0000000086c00000| PB 0x0000000086c00000| Complete 
|  73|0x0000000086d00000, 0x0000000086e00000, 0x0000000086e00000|100%| E|CS|TAMS 0x0000000086d00000| PB 0x0000000086d00000| Complete 
|  74|0x0000000086e00000, 0x0000000086f00000, 0x0000000086f00000|100%| E|CS|TAMS 0x0000000086e00000| PB 0x0000000086e00000| Complete 
|  75|0x0000000086f00000, 0x0000000087000000, 0x0000000087000000|100%| E|CS|TAMS 0x0000000086f00000| PB 0x0000000086f00000| Complete 
|  76|0x0000000087000000, 0x0000000087100000, 0x0000000087100000|100%| E|CS|TAMS 0x0000000087000000| PB 0x0000000087000000| Complete 
|  77|0x0000000087100000, 0x0000000087200000, 0x0000000087200000|100%| E|CS|TAMS 0x0000000087100000| PB 0x0000000087100000| Complete 
|  78|0x0000000087200000, 0x0000000087300000, 0x0000000087300000|100%| E|CS|TAMS 0x0000000087200000| PB 0x0000000087200000| Complete 
|  79|0x0000000087300000, 0x0000000087400000, 0x0000000087400000|100%| E|CS|TAMS 0x0000000087300000| PB 0x0000000087300000| Complete 
|  80|0x0000000087400000, 0x0000000087500000, 0x0000000087500000|100%| E|CS|TAMS 0x0000000087400000| PB 0x0000000087400000| Complete 
|  81|0x0000000087500000, 0x0000000087600000, 0x0000000087600000|100%| E|CS|TAMS 0x0000000087500000| PB 0x0000000087500000| Complete 
|  82|0x0000000087600000, 0x0000000087700000, 0x0000000087700000|100%| E|CS|TAMS 0x0000000087600000| PB 0x0000000087600000| Complete 
|  83|0x0000000087700000, 0x0000000087800000, 0x0000000087800000|100%| E|CS|TAMS 0x0000000087700000| PB 0x0000000087700000| Complete 
|  84|0x0000000087800000, 0x0000000087900000, 0x0000000087900000|100%| E|CS|TAMS 0x0000000087800000| PB 0x0000000087800000| Complete 
|  85|0x0000000087900000, 0x0000000087a00000, 0x0000000087a00000|100%| E|CS|TAMS 0x0000000087900000| PB 0x0000000087900000| Complete 
|  86|0x0000000087a00000, 0x0000000087b00000, 0x0000000087b00000|100%| E|CS|TAMS 0x0000000087a00000| PB 0x0000000087a00000| Complete 
|  87|0x0000000087b00000, 0x0000000087c00000, 0x0000000087c00000|100%| E|CS|TAMS 0x0000000087b00000| PB 0x0000000087b00000| Complete 
|  88|0x0000000087c00000, 0x0000000087d00000, 0x0000000087d00000|100%| E|CS|TAMS 0x0000000087c00000| PB 0x0000000087c00000| Complete 
|  89|0x0000000087d00000, 0x0000000087e00000, 0x0000000087e00000|100%| E|CS|TAMS 0x0000000087d00000| PB 0x0000000087d00000| Complete 
|  90|0x0000000087e00000, 0x0000000087f00000, 0x0000000087f00000|100%| E|CS|TAMS 0x0000000087e00000| PB 0x0000000087e00000| Complete 
|  91|0x0000000087f00000, 0x0000000088000000, 0x0000000088000000|100%| E|CS|TAMS 0x0000000087f00000| PB 0x0000000087f00000| Complete 
|  92|0x0000000088000000, 0x0000000088100000, 0x0000000088100000|100%| E|CS|TAMS 0x0000000088000000| PB 0x0000000088000000| Complete 
|  93|0x0000000088100000, 0x0000000088200000, 0x0000000088200000|100%| E|CS|TAMS 0x0000000088100000| PB 0x0000000088100000| Complete 
|  94|0x0000000088200000, 0x0000000088300000, 0x0000000088300000|100%| E|CS|TAMS 0x0000000088200000| PB 0x0000000088200000| Complete 
|  95|0x0000000088300000, 0x0000000088400000, 0x0000000088400000|100%| E|CS|TAMS 0x0000000088300000| PB 0x0000000088300000| Complete 
|  96|0x0000000088400000, 0x0000000088500000, 0x0000000088500000|100%| E|CS|TAMS 0x0000000088400000| PB 0x0000000088400000| Complete 
|  97|0x0000000088500000, 0x0000000088600000, 0x0000000088600000|100%| E|CS|TAMS 0x0000000088500000| PB 0x0000000088500000| Complete 
|  98|0x0000000088600000, 0x0000000088700000, 0x0000000088700000|100%| E|CS|TAMS 0x0000000088600000| PB 0x0000000088600000| Complete 
|  99|0x0000000088700000, 0x0000000088800000, 0x0000000088800000|100%| E|CS|TAMS 0x0000000088700000| PB 0x0000000088700000| Complete 
| 100|0x0000000088800000, 0x0000000088900000, 0x0000000088900000|100%| E|CS|TAMS 0x0000000088800000| PB 0x0000000088800000| Complete 
| 101|0x0000000088900000, 0x0000000088a00000, 0x0000000088a00000|100%| E|CS|TAMS 0x0000000088900000| PB 0x0000000088900000| Complete 
| 102|0x0000000088a00000, 0x0000000088b00000, 0x0000000088b00000|100%| E|CS|TAMS 0x0000000088a00000| PB 0x0000000088a00000| Complete 
| 103|0x0000000088b00000, 0x0000000088c00000, 0x0000000088c00000|100%| E|CS|TAMS 0x0000000088b00000| PB 0x0000000088b00000| Complete 
| 104|0x0000000088c00000, 0x0000000088d00000, 0x0000000088d00000|100%| E|CS|TAMS 0x0000000088c00000| PB 0x0000000088c00000| Complete 
| 105|0x0000000088d00000, 0x0000000088e00000, 0x0000000088e00000|100%| E|CS|TAMS 0x0000000088d00000| PB 0x0000000088d00000| Complete 
| 106|0x0000000088e00000, 0x0000000088f00000, 0x0000000088f00000|100%| E|CS|TAMS 0x0000000088e00000| PB 0x0000000088e00000| Complete 
| 107|0x0000000088f00000, 0x0000000089000000, 0x0000000089000000|100%| E|CS|TAMS 0x0000000088f00000| PB 0x0000000088f00000| Complete 
| 108|0x0000000089000000, 0x0000000089100000, 0x0000000089100000|100%| E|CS|TAMS 0x0000000089000000| PB 0x0000000089000000| Complete 
| 109|0x0000000089100000, 0x0000000089200000, 0x0000000089200000|100%| E|CS|TAMS 0x0000000089100000| PB 0x0000000089100000| Complete 
| 110|0x0000000089200000, 0x0000000089300000, 0x0000000089300000|100%| E|CS|TAMS 0x0000000089200000| PB 0x0000000089200000| Complete 
| 111|0x0000000089300000, 0x0000000089400000, 0x0000000089400000|100%| E|CS|TAMS 0x0000000089300000| PB 0x0000000089300000| Complete 
| 112|0x0000000089400000, 0x0000000089500000, 0x0000000089500000|100%| E|CS|TAMS 0x0000000089400000| PB 0x0000000089400000| Complete 
| 122|0x0000000089e00000, 0x0000000089f00000, 0x0000000089f00000|100%| E|CS|TAMS 0x0000000089e00000| PB 0x0000000089e00000| Complete 
| 123|0x0000000089f00000, 0x000000008a000000, 0x000000008a000000|100%| E|CS|TAMS 0x0000000089f00000| PB 0x0000000089f00000| Complete 
| 124|0x000000008a000000, 0x000000008a100000, 0x000000008a100000|100%| E|CS|TAMS 0x000000008a000000| PB 0x000000008a000000| Complete 
| 125|0x000000008a100000, 0x000000008a200000, 0x000000008a200000|100%| E|CS|TAMS 0x000000008a100000| PB 0x000000008a100000| Complete 

Card table byte_map: [0x0000028f7e4d0000,0x0000028f7e8c0000] _byte_map_base: 0x0000028f7e0be000

Marking Bits: (CMBitMap*) 0x0000028f66d52b10
 Bits: [0x0000028f00000000, 0x0000028f01f70000)

Polling page: 0x0000028f64bd0000

Metaspace:

Usage:
  Non-class:     47.62 MB used.
      Class:      7.25 MB used.
       Both:     54.87 MB used.

Virtual space:
  Non-class space:       64.00 MB reserved,      47.88 MB ( 75%) committed,  1 nodes.
      Class space:        1.00 GB reserved,       7.44 MB ( <1%) committed,  1 nodes.
             Both:        1.06 GB reserved,      55.31 MB (  5%) committed. 

Chunk freelists:
   Non-Class:  3.94 MB
       Class:  603.00 KB
        Both:  4.53 MB

MaxMetaspaceSize: unlimited
CompressedClassSpaceSize: 1.00 GB
Initial GC threshold: 21.00 MB
Current GC threshold: 60.12 MB
CDS: on
MetaspaceReclaimPolicy: balanced
 - commit_granule_bytes: 65536.
 - commit_granule_words: 8192.
 - virtual_space_node_default_size: 8388608.
 - enlarge_chunks_in_place: 1.
 - new_chunks_are_fully_committed: 0.
 - uncommit_free_chunks: 1.
 - use_allocation_guard: 0.


Internal statistics:

num_allocs_failed_limit: 9.
num_arena_births: 590.
num_arena_deaths: 76.
num_vsnodes_births: 2.
num_vsnodes_deaths: 0.
num_space_committed: 884.
num_space_uncommitted: 0.
num_chunks_returned_to_freelist: 122.
num_chunks_taken_from_freelist: 2517.
num_chunk_merges: 42.
num_chunk_splits: 1826.
num_chunks_enlarged: 1471.
num_inconsistent_stats: 0.

CodeHeap 'non-profiled nmethods': size=120000Kb used=3360Kb max_used=3360Kb free=116639Kb
 bounds [0x0000028f76870000, 0x0000028f76bc0000, 0x0000028f7dda0000]
CodeHeap 'profiled nmethods': size=120000Kb used=10390Kb max_used=10390Kb free=109609Kb
 bounds [0x0000028f6eda0000, 0x0000028f6f7d0000, 0x0000028f762d0000]
CodeHeap 'non-nmethods': size=5760Kb used=1698Kb max_used=1756Kb free=4061Kb
 bounds [0x0000028f762d0000, 0x0000028f76540000, 0x0000028f76870000]
 total_blobs=6823 nmethods=6142 adapters=590
 compilation: enabled
              stopped_count=0, restarted_count=0
 full_count=0

Compilation events (20 events):
Event: 13.002 Thread 0x0000028f7f701a50 6464       3       java.util.stream.Sink$ChainedReference::begin (11 bytes)
Event: 13.002 Thread 0x0000028f7f701a50 nmethod 6464 0x0000028f6f791810 code [0x0000028f6f7919a0, 0x0000028f6f791b70]
Event: 13.003 Thread 0x0000028f7f6f05b0 nmethod 6459 0x0000028f76ba5490 code [0x0000028f76ba5600, 0x0000028f76ba5768]
Event: 13.003 Thread 0x0000028f7f6f05b0 6463       4       scala.collection.convert.DecorateAsJava$$Lambda$1568/0x000000080157c388::apply (12 bytes)
Event: 13.007 Thread 0x0000028f7f701a50 6467       3       java.util.stream.ReferencePipeline::map (26 bytes)
Event: 13.007 Thread 0x0000028f7f6f05b0 nmethod 6463 0x0000028f76ba5890 code [0x0000028f76ba5a20, 0x0000028f76ba5c40]
Event: 13.007 Thread 0x0000028f7f6f05b0 6379       4       simudyne.core.values.ValueRecord::add (52 bytes)
Event: 13.008 Thread 0x0000028f7f701a50 nmethod 6467 0x0000028f6f791c10 code [0x0000028f6f791de0, 0x0000028f6f7922b0]
Event: 13.008 Thread 0x0000028f7f701a50 6468       3       java.util.stream.ReferencePipeline$3::<init> (15 bytes)
Event: 13.008 Thread 0x0000028f7f701a50 nmethod 6468 0x0000028f6f792510 code [0x0000028f6f7926c0, 0x0000028f6f792940]
Event: 13.008 Thread 0x0000028f7f701a50 6469       3       java.util.stream.ReferencePipeline$3::opWrapSink (10 bytes)
Event: 13.009 Thread 0x0000028f7f701a50 nmethod 6469 0x0000028f6f792a90 code [0x0000028f6f792c60, 0x0000028f6f793218]
Event: 13.009 Thread 0x0000028f7f701a50 6470       3       org.json4s.JsonDSL$::string2jvalue (6 bytes)
Event: 13.010 Thread 0x0000028f7f701a50 nmethod 6470 0x0000028f6f793410 code [0x0000028f6f7935e0, 0x0000028f6f793a38]
Event: 13.010 Thread 0x0000028f7f701a50 6471       3       org.json4s.Implicits::string2jvalue$ (6 bytes)
Event: 13.011 Thread 0x0000028f7f701a50 nmethod 6471 0x0000028f6f793c10 code [0x0000028f6f793de0, 0x0000028f6f794218]
Event: 13.014 Thread 0x0000028f0bb364a0 nmethod 6460 0x0000028f76ba5e10 code [0x0000028f76ba6080, 0x0000028f76ba6900]
Event: 13.014 Thread 0x0000028f0bb364a0 6466       4       scala.collection.immutable.AbstractMap::companion (5 bytes)
Event: 13.014 Thread 0x0000028f0bb364a0 nmethod 6466 0x0000028f76ba7290 code [0x0000028f76ba7400, 0x0000028f76ba7498]
Event: 13.014 Thread 0x0000028f0bb364a0 6473       4       scala.collection.immutable.ListMap::reverseList$1 (45 bytes)

GC Heap History (20 events):
Event: 1.900 GC heap before
{Heap before GC invocations=1 (full 0):
 garbage-first heap   total 129024K, used 34645K [0x0000000082400000, 0x0000000100000000)
  region size 1024K, 26 young (26624K), 3 survivors (3072K)
 Metaspace       used 12256K, committed 12480K, reserved 1114112K
  class space    used 1530K, committed 1664K, reserved 1048576K
}
Event: 1.907 GC heap after
{Heap after GC invocations=2 (full 0):
 garbage-first heap   total 129024K, used 13454K [0x0000000082400000, 0x0000000100000000)
  region size 1024K, 3 young (3072K), 3 survivors (3072K)
 Metaspace       used 12256K, committed 12480K, reserved 1114112K
  class space    used 1530K, committed 1664K, reserved 1048576K
}
Event: 2.606 GC heap before
{Heap before GC invocations=2 (full 0):
 garbage-first heap   total 129024K, used 58510K [0x0000000082400000, 0x0000000100000000)
  region size 1024K, 48 young (49152K), 3 survivors (3072K)
 Metaspace       used 19377K, committed 19648K, reserved 1114112K
  class space    used 2658K, committed 2752K, reserved 1048576K
}
Event: 2.612 GC heap after
{Heap after GC invocations=3 (full 0):
 garbage-first heap   total 129024K, used 16681K [0x0000000082400000, 0x0000000100000000)
  region size 1024K, 6 young (6144K), 6 survivors (6144K)
 Metaspace       used 19377K, committed 19648K, reserved 1114112K
  class space    used 2658K, committed 2752K, reserved 1048576K
}
Event: 2.861 GC heap before
{Heap before GC invocations=3 (full 0):
 garbage-first heap   total 129024K, used 106793K [0x0000000082400000, 0x0000000100000000)
  region size 1024K, 75 young (76800K), 6 survivors (6144K)
 Metaspace       used 20417K, committed 20672K, reserved 1114112K
  class space    used 2758K, committed 2880K, reserved 1048576K
}
Event: 2.874 GC heap after
{Heap after GC invocations=4 (full 0):
 garbage-first heap   total 129024K, used 27705K [0x0000000082400000, 0x0000000100000000)
  region size 1024K, 10 young (10240K), 10 survivors (10240K)
 Metaspace       used 20417K, committed 20672K, reserved 1114112K
  class space    used 2758K, committed 2880K, reserved 1048576K
}
Event: 2.977 GC heap before
{Heap before GC invocations=4 (full 0):
 garbage-first heap   total 129024K, used 44089K [0x0000000082400000, 0x0000000100000000)
  region size 1024K, 27 young (27648K), 10 survivors (10240K)
 Metaspace       used 21250K, committed 21504K, reserved 1114112K
  class space    used 2900K, committed 3008K, reserved 1048576K
}
Event: 2.984 GC heap after
{Heap after GC invocations=5 (full 0):
 garbage-first heap   total 129024K, used 30909K [0x0000000082400000, 0x0000000100000000)
  region size 1024K, 4 young (4096K), 4 survivors (4096K)
 Metaspace       used 21250K, committed 21504K, reserved 1114112K
  class space    used 2900K, committed 3008K, reserved 1048576K
}
Event: 3.844 GC heap before
{Heap before GC invocations=6 (full 0):
 garbage-first heap   total 119808K, used 93373K [0x0000000082400000, 0x0000000100000000)
  region size 1024K, 66 young (67584K), 4 survivors (4096K)
 Metaspace       used 30015K, committed 30400K, reserved 1114112K
  class space    used 4367K, committed 4544K, reserved 1048576K
}
Event: 3.849 GC heap after
{Heap after GC invocations=7 (full 0):
 garbage-first heap   total 119808K, used 31951K [0x0000000082400000, 0x0000000100000000)
  region size 1024K, 5 young (5120K), 5 survivors (5120K)
 Metaspace       used 30015K, committed 30400K, reserved 1114112K
  class space    used 4367K, committed 4544K, reserved 1048576K
}
Event: 4.217 GC heap before
{Heap before GC invocations=7 (full 0):
 garbage-first heap   total 119808K, used 71887K [0x0000000082400000, 0x0000000100000000)
  region size 1024K, 45 young (46080K), 5 survivors (5120K)
 Metaspace       used 36102K, committed 36416K, reserved 1114112K
  class space    used 4983K, committed 5120K, reserved 1048576K
}
Event: 4.221 GC heap after
{Heap after GC invocations=8 (full 0):
 garbage-first heap   total 119808K, used 31025K [0x0000000082400000, 0x0000000100000000)
  region size 1024K, 5 young (5120K), 5 survivors (5120K)
 Metaspace       used 36102K, committed 36416K, reserved 1114112K
  class space    used 4983K, committed 5120K, reserved 1048576K
}
Event: 4.260 GC heap before
{Heap before GC invocations=8 (full 0):
 garbage-first heap   total 119808K, used 39217K [0x0000000082400000, 0x0000000100000000)
  region size 1024K, 14 young (14336K), 5 survivors (5120K)
 Metaspace       used 36414K, committed 36736K, reserved 1114112K
  class space    used 5026K, committed 5120K, reserved 1048576K
}
Event: 4.265 GC heap after
{Heap after GC invocations=9 (full 0):
 garbage-first heap   total 119808K, used 32420K [0x0000000082400000, 0x0000000100000000)
  region size 1024K, 6 young (6144K), 6 survivors (6144K)
 Metaspace       used 36414K, committed 36736K, reserved 1114112K
  class space    used 5026K, committed 5120K, reserved 1048576K
}
Event: 5.000 GC heap before
{Heap before GC invocations=10 (full 0):
 garbage-first heap   total 119808K, used 100582K [0x0000000082400000, 0x0000000100000000)
  region size 1024K, 69 young (70656K), 6 survivors (6144K)
 Metaspace       used 42794K, committed 43200K, reserved 1114112K
  class space    used 5796K, committed 5952K, reserved 1048576K
}
Event: 5.007 GC heap after
{Heap after GC invocations=11 (full 0):
 garbage-first heap   total 119808K, used 37931K [0x0000000082400000, 0x0000000100000000)
  region size 1024K, 6 young (6144K), 6 survivors (6144K)
 Metaspace       used 42794K, committed 43200K, reserved 1114112K
  class space    used 5796K, committed 5952K, reserved 1048576K
}
Event: 8.733 GC heap before
{Heap before GC invocations=11 (full 0):
 garbage-first heap   total 119808K, used 98347K [0x0000000082400000, 0x0000000100000000)
  region size 1024K, 66 young (67584K), 6 survivors (6144K)
 Metaspace       used 51795K, committed 52288K, reserved 1114112K
  class space    used 6913K, committed 7104K, reserved 1048576K
}
Event: 8.743 GC heap after
{Heap after GC invocations=12 (full 0):
 garbage-first heap   total 119808K, used 32884K [0x0000000082400000, 0x0000000100000000)
  region size 1024K, 7 young (7168K), 7 survivors (7168K)
 Metaspace       used 51795K, committed 52288K, reserved 1114112K
  class space    used 6913K, committed 7104K, reserved 1048576K
}
Event: 12.701 GC heap before
{Heap before GC invocations=12 (full 0):
 garbage-first heap   total 119808K, used 96372K [0x0000000082400000, 0x0000000100000000)
  region size 1024K, 70 young (71680K), 7 survivors (7168K)
 Metaspace       used 55986K, committed 56448K, reserved 1114112K
  class space    used 7415K, committed 7616K, reserved 1048576K
}
Event: 12.709 GC heap after
{Heap after GC invocations=13 (full 0):
 garbage-first heap   total 119808K, used 33735K [0x0000000082400000, 0x0000000100000000)
  region size 1024K, 5 young (5120K), 5 survivors (5120K)
 Metaspace       used 55986K, committed 56448K, reserved 1114112K
  class space    used 7415K, committed 7616K, reserved 1048576K
}

Dll operation events (12 events):
Event: 0.026 Loaded shared library C:\Program Files\Java\jdk-20\bin\java.dll
Event: 0.044 Loaded shared library C:\Program Files\Java\jdk-20\bin\jsvml.dll
Event: 0.407 Loaded shared library C:\Program Files\Java\jdk-20\bin\zip.dll
Event: 0.412 Loaded shared library C:\Program Files\Java\jdk-20\bin\instrument.dll
Event: 0.421 Loaded shared library C:\Program Files\Java\jdk-20\bin\net.dll
Event: 0.426 Loaded shared library C:\Program Files\Java\jdk-20\bin\nio.dll
Event: 0.432 Loaded shared library C:\Program Files\Java\jdk-20\bin\zip.dll
Event: 0.622 Loaded shared library E:\IntelliJ IDEA Community Edition 2020.3.2\bin\breakgen64.dll
Event: 0.641 Loaded shared library C:\Program Files\Java\jdk-20\bin\extnet.dll
Event: 0.952 Loaded shared library C:\Program Files\Java\jdk-20\bin\verify.dll
Event: 0.960 Loaded shared library C:\Program Files\Java\jdk-20\bin\jimage.dll
Event: 1.533 Loaded shared library C:\Program Files\Java\jdk-20\bin\sunmscapi.dll

Deoptimization events (20 events):
Event: 12.323 Thread 0x0000028f0a5f5940 Uncommon trap: trap_request=0xffffffde fr.pc=0x0000028f76a3e7d8 relative=0x00000000000000b8
Event: 12.323 Thread 0x0000028f0a5f5940 Uncommon trap: reason=class_check action=maybe_recompile pc=0x0000028f76a3e7d8 method=scala.runtime.BoxesRunTime.equals2(Ljava/lang/Object;Ljava/lang/Object;)Z @ 8 c2
Event: 12.323 Thread 0x0000028f0a5f5940 DEOPT PACKING pc=0x0000028f76a3e7d8 sp=0x000000c7205fe5c0
Event: 12.323 Thread 0x0000028f0a5f5940 DEOPT UNPACKING pc=0x0000028f76339d22 sp=0x000000c7205fe4f8 mode 2
Event: 12.323 Thread 0x0000028f0a5f5940 Uncommon trap: trap_request=0xffffffde fr.pc=0x0000028f76a3e7d8 relative=0x00000000000000b8
Event: 12.323 Thread 0x0000028f0a5f5940 Uncommon trap: reason=class_check action=maybe_recompile pc=0x0000028f76a3e7d8 method=scala.runtime.BoxesRunTime.equals2(Ljava/lang/Object;Ljava/lang/Object;)Z @ 8 c2
Event: 12.323 Thread 0x0000028f0a5f5940 DEOPT PACKING pc=0x0000028f76a3e7d8 sp=0x000000c7205fe5c0
Event: 12.323 Thread 0x0000028f0a5f5940 DEOPT UNPACKING pc=0x0000028f76339d22 sp=0x000000c7205fe4f8 mode 2
Event: 12.460 Thread 0x0000028f09fe2320 Uncommon trap: trap_request=0xffffff45 fr.pc=0x0000028f76b35a14 relative=0x0000000000000754
Event: 12.460 Thread 0x0000028f09fe2320 Uncommon trap: reason=unstable_if action=reinterpret pc=0x0000028f76b35a14 method=java.util.concurrent.ForkJoinPool.awaitWork(Ljava/util/concurrent/ForkJoinPool$WorkQueue;)I @ 266 c2
Event: 12.460 Thread 0x0000028f09fe2320 DEOPT PACKING pc=0x0000028f76b35a14 sp=0x000000c720cfef00
Event: 12.460 Thread 0x0000028f09fe2320 DEOPT UNPACKING pc=0x0000028f76339d22 sp=0x000000c720cfee80 mode 2
Event: 12.592 Thread 0x0000028f099d8370 Uncommon trap: trap_request=0xffffff45 fr.pc=0x0000028f76b5f88c relative=0x000000000000042c
Event: 12.592 Thread 0x0000028f099d8370 Uncommon trap: reason=unstable_if action=reinterpret pc=0x0000028f76b5f88c method=java.util.concurrent.ForkJoinPool.scan(Ljava/util/concurrent/ForkJoinPool$WorkQueue;II)I @ 237 c2
Event: 12.592 Thread 0x0000028f099d8370 DEOPT PACKING pc=0x0000028f76b5f88c sp=0x000000c7200ff500
Event: 12.592 Thread 0x0000028f099d8370 DEOPT UNPACKING pc=0x0000028f76339d22 sp=0x000000c7200ff490 mode 2
Event: 12.654 Thread 0x0000028f0a5f5940 Uncommon trap: trap_request=0xffffffdc fr.pc=0x0000028f76b6ece8 relative=0x0000000000000268
Event: 12.654 Thread 0x0000028f0a5f5940 Uncommon trap: reason=class_check action=make_not_entrant pc=0x0000028f76b6ece8 method=java.util.ArrayList.toArray([Ljava/lang/Object;)[Ljava/lang/Object; @ 21 c2
Event: 12.654 Thread 0x0000028f0a5f5940 DEOPT PACKING pc=0x0000028f76b6ece8 sp=0x000000c7205fd0b0
Event: 12.654 Thread 0x0000028f0a5f5940 DEOPT UNPACKING pc=0x0000028f76339d22 sp=0x000000c7205fd060 mode 2

Classes loaded (20 events):
Event: 8.581 Loading class java/util/concurrent/ArrayBlockingQueue
Event: 8.582 Loading class java/util/concurrent/ArrayBlockingQueue done
Event: 8.638 Loading class java/util/Formatter$FixedString
Event: 8.638 Loading class java/util/Formatter$FixedString done
Event: 8.638 Loading class sun/util/resources/LocaleData$CommonResourceBundleProvider
Event: 8.639 Loading class sun/util/resources/LocaleData$LocaleDataResourceBundleProvider
Event: 8.639 Loading class java/util/spi/ResourceBundleProvider
Event: 8.639 Loading class java/util/spi/ResourceBundleProvider done
Event: 8.639 Loading class sun/util/resources/LocaleData$LocaleDataResourceBundleProvider done
Event: 8.639 Loading class sun/util/resources/LocaleData$CommonResourceBundleProvider done
Event: 8.639 Loading class sun/util/resources/Bundles$2
Event: 8.639 Loading class sun/util/resources/Bundles$2 done
Event: 8.802 Loading class java/util/function/ObjIntConsumer
Event: 8.802 Loading class java/util/function/ObjIntConsumer done
Event: 8.846 Loading class java/lang/annotation/ElementType
Event: 8.846 Loading class java/lang/annotation/ElementType done
Event: 8.950 Loading class java/lang/Short$ShortCache
Event: 8.950 Loading class java/lang/Short$ShortCache done
Event: 9.065 Loading class sun/reflect/generics/tree/VoidDescriptor
Event: 9.065 Loading class sun/reflect/generics/tree/VoidDescriptor done

Classes unloaded (20 events):
Event: 4.288 Thread 0x0000028f7f6cb480 Unloading class 0x00000008012c0c00 'java/lang/invoke/LambdaForm$DMH+0x00000008012c0c00'
Event: 4.288 Thread 0x0000028f7f6cb480 Unloading class 0x00000008012c0400 'java/lang/invoke/LambdaForm$DMH+0x00000008012c0400'
Event: 4.288 Thread 0x0000028f7f6cb480 Unloading class 0x00000008012c0800 'java/lang/invoke/LambdaForm$DMH+0x00000008012c0800'
Event: 4.288 Thread 0x0000028f7f6cb480 Unloading class 0x00000008012bdc00 'java/lang/invoke/LambdaForm$DMH+0x00000008012bdc00'
Event: 4.288 Thread 0x0000028f7f6cb480 Unloading class 0x00000008012bd800 'java/lang/invoke/LambdaForm$DMH+0x00000008012bd800'
Event: 4.288 Thread 0x0000028f7f6cb480 Unloading class 0x00000008012bd400 'java/lang/invoke/LambdaForm$DMH+0x00000008012bd400'
Event: 4.288 Thread 0x0000028f7f6cb480 Unloading class 0x00000008012bcc00 'java/lang/invoke/LambdaForm$DMH+0x00000008012bcc00'
Event: 4.288 Thread 0x0000028f7f6cb480 Unloading class 0x00000008012bc800 'java/lang/invoke/LambdaForm$DMH+0x00000008012bc800'
Event: 4.288 Thread 0x0000028f7f6cb480 Unloading class 0x00000008012bc000 'java/lang/invoke/LambdaForm$DMH+0x00000008012bc000'
Event: 4.288 Thread 0x0000028f7f6cb480 Unloading class 0x00000008012b1800 'java/lang/invoke/LambdaForm$DMH+0x00000008012b1800'
Event: 4.288 Thread 0x0000028f7f6cb480 Unloading class 0x00000008012b1400 'java/lang/invoke/LambdaForm$DMH+0x00000008012b1400'
Event: 4.288 Thread 0x0000028f7f6cb480 Unloading class 0x00000008012b1000 'java/lang/invoke/LambdaForm$DMH+0x00000008012b1000'
Event: 4.288 Thread 0x0000028f7f6cb480 Unloading class 0x00000008012b0800 'java/lang/invoke/LambdaForm$DMH+0x00000008012b0800'
Event: 4.288 Thread 0x0000028f7f6cb480 Unloading class 0x00000008012b0000 'java/lang/invoke/LambdaForm$DMH+0x00000008012b0000'
Event: 4.288 Thread 0x0000028f7f6cb480 Unloading class 0x00000008012b0400 'java/lang/invoke/LambdaForm$DMH+0x00000008012b0400'
Event: 4.288 Thread 0x0000028f7f6cb480 Unloading class 0x000000080125d000 'java/lang/invoke/LambdaForm$MH+0x000000080125d000'
Event: 4.288 Thread 0x0000028f7f6cb480 Unloading class 0x000000080125c800 'java/lang/invoke/LambdaForm$BMH+0x000000080125c800'
Event: 4.288 Thread 0x0000028f7f6cb480 Unloading class 0x000000080125c400 'java/lang/invoke/LambdaForm$DMH+0x000000080125c400'
Event: 4.288 Thread 0x0000028f7f6cb480 Unloading class 0x0000000801255000 'java/lang/invoke/LambdaForm$MH+0x0000000801255000'
Event: 4.288 Thread 0x0000028f7f6cb480 Unloading class 0x0000000801254c00 'java/lang/invoke/LambdaForm$DMH+0x0000000801254c00'

Classes redefined (0 events):
No events

Internal exceptions (20 events):
Event: 5.172 Thread 0x0000028f099d6e30 Exception <a 'java/lang/NoSuchMethodError'{0x00000000886fcf38}: 'java.lang.Object java.lang.invoke.DelegatingMethodHandle$Holder.reinvoke_L(java.lang.Object, java.lang.Object, java.lang.Object, java.lang.Object, java.lang.Object, java.lang.Object, int)'> (0x00000000886fcf38) 
thrown [s\open\src\hotspot\share\interpreter\linkResolver.cpp, line 773]
Event: 5.185 Thread 0x0000028f099d6390 Exception <a 'java/lang/NoSuchMethodError'{0x000000008855f2f0}: 'int java.lang.invoke.DirectMethodHandle$Holder.invokeStaticInit(java.lang.Object, int, java.lang.Object)'> (0x000000008855f2f0) 
thrown [s\open\src\hotspot\share\interpreter\linkResolver.cpp, line 773]
Event: 5.190 Thread 0x0000028f099d6390 Exception <a 'java/lang/NoSuchMethodError'{0x00000000885d94f0}: 'java.lang.Object java.lang.invoke.DirectMethodHandle$Holder.invokeVirtual(java.lang.Object, java.lang.Object, java.lang.Object)'> (0x00000000885d94f0) 
thrown [s\open\src\hotspot\share\interpreter\linkResolver.cpp, line 773]
Event: 5.214 Thread 0x0000028f099d6390 Exception <a 'java/lang/NoSuchMethodError'{0x000000008831d6c8}: 'int java.lang.invoke.Invokers$Holder.invokeExact_MT(java.lang.Object, java.lang.Object, java.lang.Object)'> (0x000000008831d6c8) 
thrown [s\open\src\hotspot\share\interpreter\linkResolver.cpp, line 773]
Event: 5.217 Thread 0x0000028f099d6390 Exception <a 'java/lang/NoSuchMethodError'{0x000000008832f440}: 'double java.lang.invoke.Invokers$Holder.invokeExact_MT(java.lang.Object, java.lang.Object, java.lang.Object)'> (0x000000008832f440) 
thrown [s\open\src\hotspot\share\interpreter\linkResolver.cpp, line 773]
Event: 5.601 Thread 0x0000028f099d8370 Exception <a 'java/lang/NoSuchMethodError'{0x00000000875a21c0}: 'java.lang.Object java.lang.invoke.DirectMethodHandle$Holder.invokeStatic(java.lang.Object, int, java.lang.Object, java.lang.Object, java.lang.Object)'> (0x00000000875a21c0) 
thrown [s\open\src\hotspot\share\interpreter\linkResolver.cpp, line 773]
Event: 8.067 Thread 0x0000028f0a5f5940 Exception <a 'java/lang/NoSuchMethodError'{0x000000008710d050}: 'java.lang.Object java.lang.invoke.DirectMethodHandle$Holder.newInvokeSpecial(java.lang.Object, long, long)'> (0x000000008710d050) 
thrown [s\open\src\hotspot\share\interpreter\linkResolver.cpp, line 773]
Event: 8.067 Thread 0x0000028f0a5f5940 Exception <a 'java/lang/NoSuchMethodError'{0x0000000087111bc8}: 'java.lang.Object java.lang.invoke.DirectMethodHandle$Holder.invokeStatic(java.lang.Object, java.lang.Object, java.lang.Object, long)'> (0x0000000087111bc8) 
thrown [s\open\src\hotspot\share\interpreter\linkResolver.cpp, line 773]
Event: 8.068 Thread 0x0000028f0a5f5940 Exception <a 'java/lang/NoSuchMethodError'{0x0000000087119f58}: 'java.lang.Object java.lang.invoke.DirectMethodHandle$Holder.newInvokeSpecial(java.lang.Object, java.lang.Object, java.lang.Object, long)'> (0x0000000087119f58) 
thrown [s\open\src\hotspot\share\interpreter\linkResolver.cpp, line 773]
Event: 8.068 Thread 0x0000028f0a5f5940 Exception <a 'java/lang/NoSuchMethodError'{0x000000008711e0d8}: 'java.lang.Object java.lang.invoke.DirectMethodHandle$Holder.invokeSpecial(java.lang.Object, java.lang.Object, java.lang.Object, java.lang.Object, long)'> (0x000000008711e0d8) 
thrown [s\open\src\hotspot\share\interpreter\linkResolver.cpp, line 773]
Event: 8.069 Thread 0x0000028f0a5f5940 Exception <a 'java/lang/NoSuchMethodError'{0x00000000871219e0}: 'java.lang.Object java.lang.invoke.Invokers$Holder.linkToTargetMethod(java.lang.Object, java.lang.Object, long, java.lang.Object)'> (0x00000000871219e0) 
thrown [s\open\src\hotspot\share\interpreter\linkResolver.cpp, line 773]
Event: 8.073 Thread 0x0000028f0a5f5940 Exception <a 'java/lang/NoSuchMethodError'{0x0000000087135cb0}: 'java.lang.Object java.lang.invoke.DirectMethodHandle$Holder.invokeStatic(java.lang.Object, java.lang.Object, java.lang.Object, long, java.lang.Object)'> (0x0000000087135cb0) 
thrown [s\open\src\hotspot\share\interpreter\linkResolver.cpp, line 773]
Event: 8.115 Thread 0x0000028f0a5f5940 Exception <a 'java/lang/NoSuchMethodError'{0x00000000871e0e00}: 'int java.lang.invoke.DirectMethodHandle$Holder.invokeStatic(java.lang.Object)'> (0x00000000871e0e00) 
thrown [s\open\src\hotspot\share\interpreter\linkResolver.cpp, line 773]
Event: 8.459 Thread 0x0000028f099d8370 Exception <a 'java/lang/NoSuchMethodError'{0x0000000086f4a328}: 'float java.lang.invoke.DirectMethodHandle$Holder.invokeStatic(java.lang.Object)'> (0x0000000086f4a328) 
thrown [s\open\src\hotspot\share\interpreter\linkResolver.cpp, line 773]
Event: 8.459 Thread 0x0000028f0a5f2420 Exception <a 'java/lang/NoSuchMethodError'{0x0000000086f5a168}: 'java.lang.Object java.lang.invoke.DirectMethodHandle$Holder.invokeStaticInit(java.lang.Object, java.lang.Object, java.lang.Object, java.lang.Object, java.lang.Object)'> (0x0000000086f5a168) 
thrown [s\open\src\hotspot\share\interpreter\linkResolver.cpp, line 773]
Event: 8.460 Thread 0x0000028f0a5f2420 Exception <a 'java/lang/NoSuchMethodError'{0x0000000086f6c5d8}: 'java.lang.Object java.lang.invoke.Invokers$Holder.invoke_MT(java.lang.Object, java.lang.Object, java.lang.Object, java.lang.Object, java.lang.Object, java.lang.Object)'> (0x0000000086f6c5d8) 
thrown [s\open\src\hotspot\share\interpreter\linkResolver.cpp, line 773]
Event: 8.783 Thread 0x0000028f0a5f5940 Exception <a 'java/lang/NoSuchMethodError'{0x0000000089351580}: 'java.lang.Object java.lang.invoke.DirectMethodHandle$Holder.newInvokeSpecial(java.lang.Object, java.lang.Object, java.lang.Object, java.lang.Object, java.lang.Object, long, java.lang.Object, java.lang.Object, java.lang.Object)'> (0x0000000089351580) 
thrown [s\open\src\hotspot\share\interpreter\linkResolver.cpp, line 773]
Event: 8.834 Thread 0x0000028f09fdde10 Exception <a 'java/lang/NoSuchMethodError'{0x00000000891be740}: 'int java.lang.invoke.DirectMethodHandle$Holder.invokeStaticInit(java.lang.Object)'> (0x00000000891be740) 
thrown [s\open\src\hotspot\share\interpreter\linkResolver.cpp, line 773]
Event: 8.863 Thread 0x0000028f09fdd370 Exception <a 'java/lang/NoSuchMethodError'{0x0000000088f20cb8}: 'void java.lang.invoke.DirectMethodHandle$Holder.invokeStatic(java.lang.Object, java.lang.Object, int, int)'> (0x0000000088f20cb8) 
thrown [s\open\src\hotspot\share\interpreter\linkResolver.cpp, line 773]
Event: 10.839 Thread 0x0000028f0a5f5940 Implicit null exception at 0x0000028f7693e8ec to 0x0000028f7693e9b4

VM Operations (20 events):
Event: 4.910 Executing VM operation: ICBufferFull
Event: 4.911 Executing VM operation: ICBufferFull done
Event: 5.000 Executing VM operation: G1CollectForAllocation
Event: 5.007 Executing VM operation: G1CollectForAllocation done
Event: 6.020 Executing VM operation: Cleanup
Event: 6.020 Executing VM operation: Cleanup done
Event: 8.733 Executing VM operation: G1CollectForAllocation
Event: 8.743 Executing VM operation: G1CollectForAllocation done
Event: 9.021 Executing VM operation: HandshakeAllThreads
Event: 9.021 Executing VM operation: HandshakeAllThreads done
Event: 9.043 Executing VM operation: HandshakeAllThreads
Event: 9.043 Executing VM operation: HandshakeAllThreads done
Event: 10.046 Executing VM operation: Cleanup
Event: 10.047 Executing VM operation: Cleanup done
Event: 11.051 Executing VM operation: Cleanup
Event: 11.052 Executing VM operation: Cleanup done
Event: 12.650 Executing VM operation: ICBufferFull
Event: 12.651 Executing VM operation: ICBufferFull done
Event: 12.701 Executing VM operation: G1CollectForAllocation
Event: 12.710 Executing VM operation: G1CollectForAllocation done

Events (20 events):
Event: 9.308 Thread 0x0000028f0bb38600 Thread added: 0x0000028f0bb38600
Event: 9.316 Thread 0x0000028f09fdd8c0 Thread exited: 0x0000028f09fdd8c0
Event: 9.316 Thread 0x0000028f0a5f0ee0 Thread added: 0x0000028f0a5f0ee0
Event: 9.317 Thread 0x0000028f0a5f83c0 Thread exited: 0x0000028f0a5f83c0
Event: 9.317 Thread 0x0000028f09fe0890 Thread exited: 0x0000028f09fe0890
Event: 9.317 Thread 0x0000028f09fe0de0 Thread exited: 0x0000028f09fe0de0
Event: 9.317 Thread 0x0000028f09fe1330 Thread exited: 0x0000028f09fe1330
Event: 9.317 Thread 0x0000028f09fde8b0 Thread exited: 0x0000028f09fde8b0
Event: 9.320 Thread 0x0000028f0a5f0ee0 Thread exited: 0x0000028f0a5f0ee0
Event: 9.320 Thread 0x0000028f09fe0340 Thread exited: 0x0000028f09fe0340
Event: 10.081 Thread 0x0000028f0bb38600 Thread exited: 0x0000028f0bb38600
Event: 10.081 Thread 0x0000028f0bb3acf0 Thread exited: 0x0000028f0bb3acf0
Event: 10.778 Thread 0x0000028f0a5f83c0 Thread added: 0x0000028f0a5f83c0
Event: 10.848 Thread 0x0000028f0bb3acf0 Thread added: 0x0000028f0bb3acf0
Event: 10.855 Thread 0x0000028f0bb3c330 Thread added: 0x0000028f0bb3c330
Event: 11.720 Thread 0x0000028f0bb3c330 Thread exited: 0x0000028f0bb3c330
Event: 12.315 Thread 0x0000028f0bb3acf0 Thread exited: 0x0000028f0bb3acf0
Event: 12.327 Thread 0x0000028f0bb3c330 Thread added: 0x0000028f0bb3c330
Event: 12.346 Thread 0x0000028f0bb364a0 Thread added: 0x0000028f0bb364a0
Event: 12.858 Thread 0x0000028f09fe0340 Thread added: 0x0000028f09fe0340


Dynamic libraries:
0x00007ff6bd790000 - 0x00007ff6bd7a0000 	C:\Program Files\Java\jdk-20\bin\java.exe
0x00007ffcc42d0000 - 0x00007ffcc44c8000 	C:\WINDOWS\SYSTEM32\ntdll.dll
0x00007ffcc3320000 - 0x00007ffcc33df000 	C:\WINDOWS\System32\KERNEL32.DLL
0x00007ffcc1ed0000 - 0x00007ffcc21c6000 	C:\WINDOWS\System32\KERNELBASE.dll
0x00007ffcc19b0000 - 0x00007ffcc1ab0000 	C:\WINDOWS\System32\ucrtbase.dll
0x00007ffcbe8e0000 - 0x00007ffcbe8f9000 	C:\Program Files\Java\jdk-20\bin\jli.dll
0x00007ffcbe8c0000 - 0x00007ffcbe8db000 	C:\Program Files\Java\jdk-20\bin\VCRUNTIME140.dll
0x00007ffcc3580000 - 0x00007ffcc362f000 	C:\WINDOWS\System32\ADVAPI32.dll
0x00007ffcc2ad0000 - 0x00007ffcc2b6e000 	C:\WINDOWS\System32\msvcrt.dll
0x00007ffcc4140000 - 0x00007ffcc41dc000 	C:\WINDOWS\System32\sechost.dll
0x00007ffcc3780000 - 0x00007ffcc38a6000 	C:\WINDOWS\System32\RPCRT4.dll
0x00007ffcc33e0000 - 0x00007ffcc357d000 	C:\WINDOWS\System32\USER32.dll
0x00007ffcc1c50000 - 0x00007ffcc1c72000 	C:\WINDOWS\System32\win32u.dll
0x00007ffcc2880000 - 0x00007ffcc28ac000 	C:\WINDOWS\System32\GDI32.dll
0x00007ffcc1b00000 - 0x00007ffcc1c15000 	C:\WINDOWS\System32\gdi32full.dll
0x00007ffcb3610000 - 0x00007ffcb38aa000 	C:\WINDOWS\WinSxS\amd64_microsoft.windows.common-controls_6595b64144ccf1df_6.0.19041.1110_none_60b5254171f9507e\COMCTL32.dll
0x00007ffcc1d10000 - 0x00007ffcc1dad000 	C:\WINDOWS\System32\msvcp_win.dll
0x00007ffcbae70000 - 0x00007ffcbae7a000 	C:\WINDOWS\SYSTEM32\VERSION.dll
0x00007ffcc3280000 - 0x00007ffcc32b0000 	C:\WINDOWS\System32\IMM32.DLL
0x00007ffcbe890000 - 0x00007ffcbe89c000 	C:\Program Files\Java\jdk-20\bin\vcruntime140_1.dll
0x00007ffcb5d60000 - 0x00007ffcb5dee000 	C:\Program Files\Java\jdk-20\bin\msvcp140.dll
0x00007ffc91770000 - 0x00007ffc92407000 	C:\Program Files\Java\jdk-20\bin\server\jvm.dll
0x00007ffcb3380000 - 0x00007ffcb33a7000 	C:\WINDOWS\SYSTEM32\WINMM.dll
0x00007ffca7aa0000 - 0x00007ffca7aa9000 	C:\WINDOWS\SYSTEM32\WSOCK32.dll
0x00007ffcc32b0000 - 0x00007ffcc331b000 	C:\WINDOWS\System32\WS2_32.dll
0x00007ffcc01f0000 - 0x00007ffcc0202000 	C:\WINDOWS\SYSTEM32\kernel.appcore.dll
0x00007ffcbe880000 - 0x00007ffcbe88a000 	C:\Program Files\Java\jdk-20\bin\jimage.dll
0x00007ffcbcd30000 - 0x00007ffcbcf14000 	C:\WINDOWS\SYSTEM32\DBGHELP.DLL
0x00007ffcb68c0000 - 0x00007ffcb68f4000 	C:\WINDOWS\SYSTEM32\dbgcore.DLL
0x00007ffcc1c80000 - 0x00007ffcc1d02000 	C:\WINDOWS\System32\bcryptPrimitives.dll
0x00007ffcbe020000 - 0x00007ffcbe02e000 	C:\Program Files\Java\jdk-20\bin\instrument.dll
0x00007ffcbe850000 - 0x00007ffcbe876000 	C:\Program Files\Java\jdk-20\bin\java.dll
0x00007ffcaf2a0000 - 0x00007ffcaf377000 	C:\Program Files\Java\jdk-20\bin\jsvml.dll
0x00007ffcc3930000 - 0x00007ffcc4074000 	C:\WINDOWS\System32\SHELL32.dll
0x00007ffcbf620000 - 0x00007ffcbfdb4000 	C:\WINDOWS\SYSTEM32\windows.storage.dll
0x00007ffcc2c20000 - 0x00007ffcc2f74000 	C:\WINDOWS\System32\combase.dll
0x00007ffcc1320000 - 0x00007ffcc134e000 	C:\WINDOWS\SYSTEM32\Wldp.dll
0x00007ffcc41e0000 - 0x00007ffcc428d000 	C:\WINDOWS\System32\SHCORE.dll
0x00007ffcc2a70000 - 0x00007ffcc2ac5000 	C:\WINDOWS\System32\shlwapi.dll
0x00007ffcc18e0000 - 0x00007ffcc1905000 	C:\WINDOWS\SYSTEM32\profapi.dll
0x00007ffcbc030000 - 0x00007ffcbc048000 	C:\Program Files\Java\jdk-20\bin\zip.dll
0x00007ffcbdff0000 - 0x00007ffcbe003000 	C:\Program Files\Java\jdk-20\bin\net.dll
0x00007ffcbefe0000 - 0x00007ffcbf0ea000 	C:\WINDOWS\SYSTEM32\WINHTTP.dll
0x00007ffcc1080000 - 0x00007ffcc10ea000 	C:\WINDOWS\system32\mswsock.dll
0x00007ffcbc050000 - 0x00007ffcbc066000 	C:\Program Files\Java\jdk-20\bin\nio.dll
0x00007ffcbb950000 - 0x00007ffcbb96a000 	E:\IntelliJ IDEA Community Edition 2020.3.2\bin\breakgen64.dll
0x00007ffcbb910000 - 0x00007ffcbb917000 	C:\Program Files\Java\jdk-20\bin\extnet.dll
0x00007ffcbe840000 - 0x00007ffcbe850000 	C:\Program Files\Java\jdk-20\bin\verify.dll
0x00007ffcbbf20000 - 0x00007ffcbbf2e000 	C:\Program Files\Java\jdk-20\bin\sunmscapi.dll
0x00007ffcc21d0000 - 0x00007ffcc232e000 	C:\WINDOWS\System32\CRYPT32.dll
0x00007ffcc1390000 - 0x00007ffcc13b8000 	C:\WINDOWS\SYSTEM32\ncrypt.dll
0x00007ffcc1350000 - 0x00007ffcc138b000 	C:\WINDOWS\SYSTEM32\NTASN1.dll
0x00007ffcc1270000 - 0x00007ffcc1288000 	C:\WINDOWS\SYSTEM32\CRYPTSP.dll
0x00007ffcc09a0000 - 0x00007ffcc09d4000 	C:\WINDOWS\system32\rsaenh.dll
0x00007ffcc1c20000 - 0x00007ffcc1c47000 	C:\WINDOWS\System32\bcrypt.dll
0x00007ffcc1860000 - 0x00007ffcc188e000 	C:\WINDOWS\SYSTEM32\USERENV.dll
0x00007ffcc1290000 - 0x00007ffcc129c000 	C:\WINDOWS\SYSTEM32\CRYPTBASE.dll
0x00007ffcc0d70000 - 0x00007ffcc0dac000 	C:\WINDOWS\SYSTEM32\IPHLPAPI.DLL
0x00007ffcc2330000 - 0x00007ffcc2338000 	C:\WINDOWS\System32\NSI.dll
0x00007ffcb7550000 - 0x00007ffcb7567000 	C:\WINDOWS\SYSTEM32\dhcpcsvc6.DLL
0x00007ffcb7b50000 - 0x00007ffcb7b6d000 	C:\WINDOWS\SYSTEM32\dhcpcsvc.DLL
0x00007ffcc0db0000 - 0x00007ffcc0e7a000 	C:\WINDOWS\SYSTEM32\DNSAPI.dll
0x00007ffcbba00000 - 0x00007ffcbba07000 	C:\WINDOWS\system32\wshunix.dll

dbghelp: loaded successfully - version: 4.0.5 - missing functions: none
symbol engine: initialized successfully - sym options: 0x614 - pdb path: .;C:\Program Files\Java\jdk-20\bin;C:\WINDOWS\SYSTEM32;C:\WINDOWS\WinSxS\amd64_microsoft.windows.common-controls_6595b64144ccf1df_6.0.19041.1110_none_60b5254171f9507e;C:\Program Files\Java\jdk-20\bin\server;E:\IntelliJ IDEA Community Edition 2020.3.2\bin

VM Arguments:
jvm_args: -javaagent:E:\IntelliJ IDEA Community Edition 2020.3.2\lib\idea_rt.jar=54584:E:\IntelliJ IDEA Community Edition 2020.3.2\bin -Dfile.encoding=UTF-8 
java_command: Main
java_class_path (initial): D:\FYP\target\classes;C:\Users\Lenovo\.m2\repository\simudyne\simudyne-nexus-server_2.12\2.5.2\simudyne-nexus-server_2.12-2.5.2.jar;C:\Users\Lenovo\.m2\repository\org\scala-lang\scala-library\2.12.10\scala-library-2.12.10.jar;C:\Users\Lenovo\.m2\repository\simudyne\simudyne-core-exec_2.12\2.5.2\simudyne-core-exec_2.12-2.5.2.jar;C:\Users\Lenovo\.m2\repository\com\jcabi\jcabi-aspects\0.22.5\jcabi-aspects-0.22.5.jar;C:\Users\Lenovo\.m2\repository\com\jcabi\jcabi-log\0.17\jcabi-log-0.17.jar;C:\Users\Lenovo\.m2\repository\org\aspectj\aspectjrt\1.8.7\aspectjrt-1.8.7.jar;C:\Users\Lenovo\.m2\repository\javax\validation\validation-api\1.1.0.Final\validation-api-1.1.0.Final.jar;C:\Users\Lenovo\.m2\repository\io\eels\eel-core_2.12\1.2.4\eel-core_2.12-1.2.4.jar;C:\Users\Lenovo\.m2\repository\com\sksamuel\exts\exts_2.12\1.49.0\exts_2.12-1.49.0.jar;C:\Users\Lenovo\.m2\repository\com\univocity\univocity-parsers\2.4.1\univocity-parsers-2.4.1.jar;C:\Users\Lenovo\.m2\repository\com\h2database\h2\1.4.196\h2-1.4.196.jar;C:\Users\Lenovo\.m2\repository\io\dropwizard\metrics\metrics-core\3.1.2\metrics-core-3.1.2.jar;C:\Users\Lenovo\.m2\repository\io\dropwizard\metrics\metrics-jvm\3.1.2\metrics-jvm-3.1.2.jar;C:\Users\Lenovo\.m2\repository\io\eels\eel-hive_2.12\1.2.4\eel-hive_2.12-1.2.4.jar;C:\Users\Lenovo\.m2\repository\io\eels\eel-orc_2.12\1.2.4\eel-orc_2.12-1.2.4.jar;C:\Users\Lenovo\.m2\repository\org\apache\orc\orc-core\1.4.0\orc-core-1.4.0.jar;C:\Users\Lenovo\.m2\repository\commons-lang\commons-lang\2.6\commons-lang-2.6.jar;C:\Users\Lenovo\.m2\repository\io\airlift\aircompressor\0.3\aircompressor-0.3.jar;C:\Users\Lenovo\.m2\repository\mysql\mysql-connector-java\8.0.26\mysql-connector-java-8.0.26.jar;C:\Users\Lenovo\.m2\repository\simudyne\simudyne-console_2.12\2.5.2\simudyne-console_2.12-2.5.2.jar;C:\Users\Lenovo\.m2\repository\com\typesafe\akka\akka-actor_2.12\2.6.10\akka-actor_2.12-2.6.10.jar;C:\Users\Lenovo\.m2\repository\com\typesafe\config\1.4.0\config-1.4.0.jar;C:\Users\Lenovo\.m2\repository\com\typesafe\akka\akka-stream_2.12\2.6.10\akka-stream_2.12-2.6.10.jar;C:\Users\Lenovo\.m2\repository\com\typesafe\akka\akka-protobuf-v3_2.12\2.6.10\akka-protobuf-v3_2.12-2.6.10.jar;C:\Users\Lenovo\.m2\repository\org\reactivestreams\reactive-streams\1.0.3\reactive-streams-1.0.3.jar;C:\Users\Lenovo\.m2\repository\com\typesafe\ssl-config-core_2.12\0.4.2\ssl-config-core_2.12-0.4.2.jar;C:\Users\Lenovo\.m2\repository\org\scala-lang\modules\scala-parser-combinators_2.12\1.1.2\scala-parser-combinators_2.12-1.1.2.jar;C:\Users\Lenovo\.m2\repository\com\typesafe\akka\akka-remote_2.12\2.6.10\akka-remote_2.12-2.6.10.jar;C:\Users\Lenovo\.m2\repository\com\typesafe\akka\akka-pki_2.12\2.6.10\akka-pki_2.12-2.6.10.jar;C:\Users\Lenovo\.m2\repository\com\hierynomus\asn-one\0.4.0\asn-one-0.4.0.jar;C:\Users\Lenovo\.m2\repository\org\agrona\agrona\1.7.2\agrona-1.7.2.jar;C:\Users\Lenovo\.m2\repository\com\typesafe\akka\akka-slf4j_2.12\2.6.10\akka-slf4j_2.12-2.6.10.jar;C:\Users\Lenovo\.m2\repository\com\typesafe\akka\akka-actor-typed_2.12\2.6.10\akka-actor-typed_2.12-2.6.10.jar;C:\Users\Lenovo\.m2\repository\com\typesafe\akka\akka-http_2.12\10.1.3\akka-http_2.12-10.1.3.jar;C:\Users\Lenovo\.m2\repository\com\typesafe\akka\akka-http-core_2.12\10.1.3\akka-http-core_2.12-10.1.3.jar;C:\Users\Lenovo\.m2\repository\com\typesafe\akka\akka-parsing_2.12\10.1.3\akka-parsing_2.12-10.1.3.jar;C:\Users\Lenovo\.m2\repository\com\github\pathikrit\better-files_2.12\2.17.1\better-files_2.12-2.17.1.jar;C:\Users\Lenovo\.m2\repository\com\github\pathikrit\better-files-akka_2.12\2.17.1\better-files-akka_2.12-2.17.1.jar;C:\Users\Lenovo\.m2\repository\com\fasterxml\jackson\core\jackson-core\2.9.9\jackson-core-2.9.9.jar;C:\Users\Lenovo\.m2\repository\com\fasterxml\jackson\core\jackson-databind\2.9.9\jackson-databind-2.9.9.jar;C:\Users\Lenovo\.m2\repository\com\fasterxml\jackson\dataformat\jackson-dataformat-avro\2.9.9\jackson-dataformat-avro-2.9.9.jar;C:\Users\Lenovo\.m2\repository\org\apache\avro\avro\1.8.1\avro-1.8.1.jar;C:\Users\Lenovo\.m2\repository\org\codehaus\jackson\jackson-core-asl\1.9.13\jackson-core-asl-1.9.13.jar;C:\Users\Lenovo\.m2\repository\org\codehaus\jackson\jackson-mapper-asl\1.9.13\jackson-mapper-asl-1.9.13.jar;C:\Users\Lenovo\.m2\repository\org\xerial\snappy\snappy-java\1.1.1.3\snappy-java-1.1.1.3.jar;C:\Users\Lenovo\.m2\repository\org\apache\commons\commons-compress\1.8.1\commons-compress-1.8.1.jar;C:\Users\Lenovo\.m2\repository\org\tukaani\xz\1.5\xz-1.5.jar;C:\Users\Lenovo\.m2\repository\com\fasterxml\jackson\core\jackson-annotations\2.9.9\jackson-annotations-2.9.9.jar;C:\Users\Lenovo\.m2\repository\com\fasterxml\jackson\module\jackson-module-scala_2.12\2.9.9\jackson-module-scala_2.12-2.9.9.jar;C:\Users\Lenovo\.m2\repository\com\fasterxml\jackson\module\jackson-module-paranamer\2.9.9\jackson-module-paranamer-2.9.9.jar;C:\Users\Lenovo\.m2\repository\org\json4s\json4s-native_2.12\3.7.0-M11\json4s-native_2.12-3.7.0-M11.jar;C:\Users\Lenovo\.m2\repository\org\json4s\json4s-core_2.12\3.7.0-M11\json4s-core_2.12-3.7.0-M11.jar;C:\Users\Lenovo\.m2\repository\org\json4s\json4s-ast_2.12\3.7.0-M11\json4s-ast_2.12-3.7.0-M11.jar;C:\Users\Lenovo\.m2\repository\org\json4s\json4s-scalap_2.12\3.7.0-M11\json4s-scalap_2.12-3.7.0-M11.jar;C:\Users\Lenovo\.m2\repository\com\thoughtworks\paranamer\paranamer\2.8\paranamer-2.8.jar;C:\Users\Lenovo\.m2\repository\org\json4s\json4s-jackson_2.12\3.7.0-M11\json4s-jackson_2.12-3.7.0-M11.jar;C:\Users\Lenovo\.m2\repository\commons-io\commons-io\2.6\commons-io-2.6.jar;C:\Users\Lenovo\.m2\repository\com\beust\jcommander\1.72\jcommander-1.72.jar;C:\Users\Lenovo\.m2\repository\simudyne\simudyne-core_2.12\2.5.2\simudyne-core_2.12-2.5.2.jar;C:\Users\Lenovo\.m2\repository\org\apache\commons\commons-math3\3.6.1\commons-math3-3.6.1.jar;C:\Users\Lenovo\.m2\repository\org\apache\commons\commons-lang3\3.7\commons-lang3-3.7.jar;C:\Users\Lenovo\.m2\repository\commons-dbcp\commons-dbcp\1.4\commons-dbcp-1.4.jar;C:\Users\Lenovo\.m2\repository\commons-pool\commons-pool\1.5.4\commons-pool-1.5.4.jar;C:\Users\Lenovo\.m2\repository\com\google\guava\guava\29.0-jre\guava-29.0-jre.jar;C:\Users\Lenovo\.m2\repository\com\google\guava\failureaccess\1.0.1\failureaccess-1.0.1.jar;C:\Users\Lenovo\.m2\repository\com\google\guava\listenablefuture\9999.0-empty-to-avoid-conflict-with-guava\listenablefuture-9999.0-empty-to-avoid-conflict-with-guava.jar;C:\Users\Lenovo\.m2\repository\com\google\code\findbugs\jsr305\3.0.2\jsr305-3.0.2.jar;C:\Users\Lenovo\.m2\repository\org\checkerframework\checker-qual\2.11.1\checker-qual-2.11.1.jar;C:\Users\Lenovo\.m2\repository\com\google\errorprone\error_prone_annotations\2.3.4\error_prone_annotations-2.3.4.jar;C:\Users\Lenovo\.m2\repository\com\google\j2objc\j2objc-annotations\1.3\j2objc-annotations-1.3.jar;C:\Users\Lenovo\.m2\repository\com\typesafe\scala-logging\scala-logging_2.12\3.9.0\scala-logging_2.12-3.9.0.jar;C:\Users\Lenovo\.m2\repository\org\scala-lang\scala-reflect\2.12.4\scala-reflect-2.12.4.jar;C:\Users\Lenovo\.m2\repository\org\scala-lang\modules\scala-java8-compat_2.12\0.9.0\scala-java8-compat_2.12-0.9.0.jar;C:\Users\Lenovo\.m2\repository\org\eclipse\collections\eclipse-collections-api\9.2.0\eclipse-collections-api-9.2.0.jar;C:\Users\Lenovo\.m2\repository\org\eclipse\collections\eclipse-collections\9.2.0\eclipse-collections-9.2.0.jar;C:\Users\Lenovo\.m2\repository\au\com\bytecode\opencsv\2.4\opencsv-2.4.jar;C:\Users\Lenovo\.m2\repository\org\apache\arrow\arrow-vector\0.12.0\arrow-vector-0.12.0.jar;C:\Users\Lenovo\.m2\repository\org\apache\arrow\arrow-format\0.12.0\arrow-format-0.12.0.jar;C:\Users\Lenovo\.m2\repository\org\apache\arrow\arrow-memory\0.12.0\arrow-memory-0.12.0.jar;C:\Users\Lenovo\.m2\repository\joda-time\joda-time\2.9.9\joda-time-2.9.9.jar;C:\Users\Lenovo\.m2\repository\com\carrotsearch\hppc\0.7.2\hppc-0.7.2.jar;C:\Users\Lenovo\.m2\repository\commons-codec\commons-codec\1.10\commons-codec-1.10.jar;C:\Users\Lenovo\.m2\repository\io\netty\netty-buffer\4.1.22.Final\netty-buffer-4.1.22.Final.jar;C:\Users\Lenovo\.m2\repository\com\google\flatbuffers\flatbuffers-java\1.9.0\flatbuffers-java-1.9.0.jar;C:\Users\Lenovo\.m2\repository\com\google\protobuf\protobuf-java\3.6.0\protobuf-java-3.6.0.jar;C:\Users\Lenovo\.m2\repository\io\netty\netty-common\4.1.42.Final\netty-common-4.1.42.Final.jar;C:\Users\Lenovo\.m2\repository\com\typesafe\akka\akka-stream-typed_2.12\2.6.10\akka-stream-typed_2.12-2.6.10.jar;C:\Users\Lenovo\.m2\repository\simudyne\simudyne-core-abm_2.12\2.5.2\simudyne-core-abm_2.12-2.5.2.jar;C:\Users\Lenovo\.m2\repository\simudyne\simudyne-core-graph_2.12\2.5.2\simudyne-core-graph_2.12-2.5.2.jar;C:\Users\Lenovo\.m2\repository\it\unimi\dsi\fastutil\6.5.7\fastutil-6.5.7.jar;C:\Users\Lenovo\.m2\repository\org\apache\parquet\parquet-avro\1.11.1\parquet-avro-1.11.1.jar;C:\Users\Lenovo\.m2\repository\org\apache\parquet\parquet-column\1.11.1\parquet-column-1.11.1.jar;C:\Users\Lenovo\.m2\repository\org\apache\parquet\parquet-common\1.11.1\parquet-common-1.11.1.jar;C:\Users\Lenovo\.m2\repository\org\apache\yetus\audience-annotations\0.11.0\audience-annotations-0.11.0.jar;C:\Users\Lenovo\.m2\repository\org\apache\parquet\parquet-encoding\1.11.1\parquet-encoding-1.11.1.jar;C:\Users\Lenovo\.m2\repository\org\apache\parquet\parquet-hadoop\1.11.1\parquet-hadoop-1.11.1.jar;C:\Users\Lenovo\.m2\repository\org\apache\parquet\parquet-jackson\1.11.1\parquet-jackson-1.11.1.jar;C:\Users\Lenovo\.m2\repository\org\apache\parquet\parquet-format-structures\1.11.1\parquet-format-structures-1.11.1.jar;C:\Users\Lenovo\.m2\repository\javax\annotation\javax.annotation-api\1.3.2\javax.annotation-api-1.3.2.jar;C:\Users\Lenovo\.m2\repository\com\googlecode\concurrentlinkedhashmap\concurrentlinkedhashmap-lru\1.4.2\concurrentlinkedhashmap-lru-1.4.2.jar;C:\Users\Lenovo\.m2\repository\simudyne\simudyne-core-graph-spark_2.12\2.5.2\simudyne-core-graph-spark_2.12-2.5.2.jar;C:\Users\Lenovo\.m2\repository\com\twitter\chill_2.12\0.9.1\chill_2.12-0.9.1.jar;C:\Users\Lenovo\.m2\repository\com\twitter\chill-java\0.9.1\chill-java-0.9.1.jar;C:\Users\Lenovo\.m2\repository\com\esotericsoftware\kryo-shaded\4.0.0\kryo-shaded-4.0.0.jar;C:\Users\Lenovo\.m2\repository\com\esotericsoftware\minlog\1.3.0\minlog-1.3.0.jar;C:\Users\Lenovo\.m2\repository\org\objenesis\objenesis\2.2\objenesis-2.2.jar;C:\Users\Lenovo\.m2\repository\de\javakaffee\kryo-serializers\0.42\kryo-serializers-0.42.jar;C:\Users\Lenovo\.m2\repository\com\esotericsoftware\kryo\4.0.0\kryo-4.0.0.jar;C:\Users\Lenovo\.m2\repository\com\esotericsoftware\reflectasm\1.11.3\reflectasm-1.11.3.jar;C:\Users\Lenovo\.m2\repository\org\ow2\asm\asm\5.0.4\asm-5.0.4.jar;C:\Users\Lenovo\.m2\repository\simudyne\simudyne-core-runner-spark_2.12\2.5.2\simudyne-core-runner-spark_2.12-2.5.2.jar;C:\Users\Lenovo\.m2\repository\com\typesafe\akka\akka-cluster_2.12\2.6.10\akka-cluster_2.12-2.6.10.jar;C:\Users\Lenovo\.m2\repository\com\typesafe\akka\akka-coordination_2.12\2.6.10\akka-coordination_2.12-2.6.10.jar;C:\Users\Lenovo\.m2\repository\com\typesafe\akka\akka-cluster-typed_2.12\2.6.10\akka-cluster-typed_2.12-2.6.10.jar;C:\Users\Lenovo\.m2\repository\com\typesafe\akka\akka-cluster-tools_2.12\2.6.10\akka-cluster-tools_2.12-2.6.10.jar;C:\Users\Lenovo\.m2\repository\com\typesafe\akka\akka-distributed-data_2.12\2.6.10\akka-distributed-data_2.12-2.6.10.jar;C:\Users\Lenovo\.m2\repository\org\lmdbjava\lmdbjava\0.7.0\lmdbjava-0.7.0.jar;C:\Users\Lenovo\.m2\repository\com\github\jnr\jnr-ffi\2.1.9\jnr-ffi-2.1.9.jar;C:\Users\Lenovo\.m2\repository\org\ow2\asm\asm-commons\5.0.3\asm-commons-5.0.3.jar;C:\Users\Lenovo\.m2\repository\org\ow2\asm\asm-analysis\5.0.3\asm-analysis-5.0.3.jar;C:\Users\Lenovo\.m2\repository\org\ow2\asm\asm-tree\5.0.3\asm-tree-5.0.3.jar;C:\Users\Lenovo\.m2\repository\org\ow2\asm\asm-util\5.0.3\asm-util-5.0.3.jar;C:\Users\Lenovo\.m2\repository\com\github\jnr\jnr-a64asm\1.0.0\jnr-a64asm-1.0.0.jar;C:\Users\Lenovo\.m2\repository\com\github\jnr\jnr-x86asm\1.0.2\jnr-x86asm-1.0.2.jar;C:\Users\Lenovo\.m2\repository\com\github\jnr\jffi\1.2.18\jffi-1.2.18.jar;C:\Users\Lenovo\.m2\repository\com\github\jnr\jffi\1.2.18\jffi-1.2.18-native.jar;C:\Users\Lenovo\.m2\repository\com\github\jnr\jnr-constants\0.9.12\jnr-constants-0.9.12.jar;C:\Users\Lenovo\.m2\repository\simudyne\simudyne-core-abm-finkit_2.12\2.5.2\simudyne-core-abm-finkit_2.12-2.5.2.jar;C:\Users\Lenovo\.m2\repository\simudyne\simudyne-core-abm-testkit_2.12\2.5.2\simudyne-core-abm-testkit_2.12-2.5.2.jar;C:\Users\Lenovo\.m2\repository\org\slf4j\slf4j-log4j12\1.7.25\slf4j-log4j12-1.7.25.jar;C:\Users\Lenovo\.m2\repository\org\slf4j\slf4j-api\1.7.25\slf4j-api-1.7.25.jar;C:\Users\Lenovo\.m2\repository\log4j\log4j\1.2.17\log4j-1.2.17.jar
Launcher Type: SUN_STANDARD

[Global flags]
     intx CICompilerCount                          = 4                                         {product} {ergonomic}
     uint ConcGCThreads                            = 2                                         {product} {ergonomic}
     uint G1ConcRefinementThreads                  = 8                                         {product} {ergonomic}
   size_t G1HeapRegionSize                         = 1048576                                   {product} {ergonomic}
    uintx GCDrainStackTargetSize                   = 64                                        {product} {ergonomic}
   size_t InitialHeapSize                          = 132120576                                 {product} {ergonomic}
   size_t MarkStackSize                            = 4194304                                   {product} {ergonomic}
   size_t MaxHeapSize                              = 2109734912                                {product} {ergonomic}
   size_t MaxNewSize                               = 1265631232                                {product} {ergonomic}
   size_t MinHeapDeltaBytes                        = 1048576                                   {product} {ergonomic}
   size_t MinHeapSize                              = 8388608                                   {product} {ergonomic}
    uintx NonNMethodCodeHeapSize                   = 5839372                                {pd product} {ergonomic}
    uintx NonProfiledCodeHeapSize                  = 122909434                              {pd product} {ergonomic}
    uintx ProfiledCodeHeapSize                     = 122909434                              {pd product} {ergonomic}
    uintx ReservedCodeCacheSize                    = 251658240                              {pd product} {ergonomic}
     bool SegmentedCodeCache                       = true                                      {product} {ergonomic}
   size_t SoftMaxHeapSize                          = 2109734912                             {manageable} {ergonomic}
     bool UseCompressedClassPointers               = true                           {product lp64_product} {ergonomic}
     bool UseCompressedOops                        = true                           {product lp64_product} {ergonomic}
     bool UseG1GC                                  = true                                      {product} {ergonomic}
     bool UseLargePagesIndividualAllocation        = false                                  {pd product} {ergonomic}

Logging:
Log output configuration:
 #0: stdout all=warning uptime,level,tags foldmultilines=false
 #1: stderr all=off uptime,level,tags foldmultilines=false

Environment Variables:
JAVA_HOME=C:\Program Files\Java\jdk-20
PATH=C:\Program Files\Common Files\Oracle\Java\javapath;C:\Program Files (x86)\Intel\iCLS Client\;C:\Program Files\Intel\iCLS Client\;C:\WINDOWS\system32;C:\WINDOWS;C:\WINDOWS\System32\Wbem;C:\WINDOWS\System32\WindowsPowerShell\v1.0\;C:\Program Files (x86)\Intel\Intel(R) Management Engine Components\DAL;C:\Program Files\Intel\Intel(R) Management Engine Components\DAL;C:\Program Files (x86)\Intel\Intel(R) Management Engine Components\IPT;C:\Program Files\Intel\Intel(R) Management Engine Components\IPT;C:\WINDOWS\System32\OpenSSH\;C:\Program Files\dotnet\;C:\Program Files\Intel\WiFi\bin\;C:\Program Files\Common Files\Intel\WirelessCommon\;C:\Program Files\NVIDIA Corporation\NVIDIA NvDLISR;C:\WINDOWS\system32;C:\WINDOWS;C:\WINDOWS\System32\Wbem;C:\WINDOWS\System32\WindowsPowerShell\v1.0\;C:\WINDOWS\System32\OpenSSH\;E:\cygwin64\bin;E:\jspin\bin;C:\Program Files\apache-maven-3.9.1\bin;C:\Users\Lenovo\.cargo\bin;C:\Users\Lenovo\AppData\Local\Programs\Python\Python39\Scripts\;C:\Users\Lenovo\AppData\Local\Programs\Python\Python39\;C:\Users\Lenovo\AppData\Local\Programs\Python\Python37\Scripts\;C:\Users\Lenovo\AppData\Local\Programs\Python\Python37\;C:\Users\Lenovo\AppData\Local\Microsoft\WindowsApps;C:\Program Files\JetBrains\IntelliJ IDEA 2020.1.2\bin;E:\IntelliJ IDEA Community Edition 2020.3.2\bin;C:\Users\Lenovo\AppData\Local\GitHubDesktop\bin;E:\PyCharm 2020.3.4\bin;C:\Users\Lenovo\AppData\Local\gitkraken\bin;D:\Brackets\
USERNAME=Lenovo
OS=Windows_NT
PROCESSOR_IDENTIFIER=Intel64 Family 6 Model 142 Stepping 10, GenuineIntel
TMP=C:\Users\Lenovo\AppData\Local\Temp
TEMP=C:\Users\Lenovo\AppData\Local\Temp




---------------  S Y S T E M  ---------------

OS:
 Windows 10 , 64 bit Build 19041 (10.0.19041.3155)
OS uptime: 15 days 14:45 hours

CPU: total 8 (initial active 8) (4 cores per cpu, 2 threads per core) family 6 model 142 stepping 10 microcode 0xca, cx8, cmov, fxsr, ht, mmx, 3dnowpref, sse, sse2, sse3, ssse3, sse4.1, sse4.2, popcnt, lzcnt, tsc, tscinvbit, avx, avx2, aes, erms, clmul, bmi1, bmi2, adx, fma, vzeroupper, clflush, clflushopt, rdtscp, f16c

Memory: 4k page, system-wide physical 8046M (1444M free)
TotalPageFile size 19776M (AvailPageFile size 4M)
current process WorkingSet (physical memory assigned to process): 280M, peak: 280M
current process commit charge ("private bytes"): 328M, peak: 329M

vm_info: Java HotSpot(TM) 64-Bit Server VM (20+36-2344) for windows-amd64 JRE (20+36-2344), built on 2023-02-10T19:30:15Z by "mach5one" with MS VC++ 17.1 (VS2022)

END.
